ERROR - 2023-08-23 01:18:38 --> ErrorException: oci_execute(): ORA-12899: value too large for column &quot;MATERIALMGMT&quot;.&quot;MM_LIST_BPB&quot;.&quot;CUSTOMER&quot; (actual: 17, maximum: 10) in C:\xampp\htdocs\projectci4\system\Database\OCI8\Connection.php:199
Stack trace:
#0 [internal function]: CodeIgniter\Debug\Exceptions->errorHandler(2, 'oci_execute(): ...', 'C:\\xampp\\htdocs...', 199, Array)
#1 C:\xampp\htdocs\projectci4\system\Database\OCI8\Connection.php(199): oci_execute(Resource id #134, 32)
#2 C:\xampp\htdocs\projectci4\system\Database\BaseConnection.php(692): CodeIgniter\Database\OCI8\Connection->execute('INSERT INTO "MM...')
#3 C:\xampp\htdocs\projectci4\system\Database\BaseConnection.php(606): CodeIgniter\Database\BaseConnection->simpleQuery('INSERT INTO "MM...')
#4 C:\xampp\htdocs\projectci4\system\Database\BaseBuilder.php(2309): CodeIgniter\Database\BaseConnection->query('INSERT INTO "MM...', Array, false)
#5 C:\xampp\htdocs\projectci4\system\Model.php(330): CodeIgniter\Database\BaseBuilder->insert()
#6 C:\xampp\htdocs\projectci4\system\BaseModel.php(782): CodeIgniter\Model->doInsert(Array)
#7 C:\xampp\htdocs\projectci4\system\Model.php(730): CodeIgniter\BaseModel->insert(Array, true)
#8 C:\xampp\htdocs\projectci4\app\Controllers\Home.php(94): CodeIgniter\Model->insert(Array)
#9 C:\xampp\htdocs\projectci4\system\CodeIgniter.php(932): App\Controllers\Home->submitAdd()
#10 C:\xampp\htdocs\projectci4\system\CodeIgniter.php(497): CodeIgniter\CodeIgniter->runController(Object(App\Controllers\Home))
#11 C:\xampp\htdocs\projectci4\system\CodeIgniter.php(366): CodeIgniter\CodeIgniter->handleRequest(NULL, Object(Config\Cache), false)
#12 C:\xampp\htdocs\projectci4\public\index.php(67): CodeIgniter\CodeIgniter->run()
#13 C:\xampp\htdocs\projectci4\system\Commands\Server\rewrite.php(47): require_once('C:\\xampp\\htdocs...')
#14 {main}
CRITICAL - 2023-08-23 01:18:39 --> oci_execute(): ORA-12899: value too large for column &quot;MATERIALMGMT&quot;.&quot;MM_LIST_BPB&quot;.&quot;CUSTOMER&quot; (actual: 17, maximum: 10)
in SYSTEMPATH\Database\OCI8\Connection.php on line 199.
 1 [internal function]: CodeIgniter\Debug\Exceptions->errorHandler(2, 'oci_execute(): ORA-12899: value too large for column &quot;MATERIALMGMT&quot;.&quot;MM_LIST_BPB&quot;.&quot;CUSTOMER&quot; (actual: 17, maximum: 10)', 'C:\\xampp\\htdocs\\projectci4\\system\\Database\\OCI8\\Connection.php', 199, [...])
 2 SYSTEMPATH\Database\OCI8\Connection.php(199): oci_execute(resource (oci8 statement), 32)
 3 SYSTEMPATH\Database\BaseConnection.php(692): CodeIgniter\Database\OCI8\Connection->execute('INSERT INTO "MM_LIST_BPB" ("MBLNR", "BUDAT", "BPBNO", "KUNNR", "CUSTOMER", "LOKASI", "ADR1", "ADR2", "ADR3", "CPN1", "TPN1", "CPN2", "TPN2", "BUNDLE", "TGL_KIRIM", "ZPONO", "PODAT", "VENDOR", "KET", "POLNO", "BWNM", "BWHP", "TRGDAT", "NOTA", "KOLI1", "BERAT", "KEMBALI", "NOTDAT", "CATATAN", "CATATAN2") VALUES (\'666666\', \'23-AUG-2023\', \'090/PL.01/BPB/031060/2023\', \'Orvala\', \'Telkom University\', \'TELKOMSEL AMBON\', \'TELKOMSEL AMBON\', \'\', \'\', \'BP. HAMDAN\', \'085694141353\', \'\', \'\', (\'04\'), \'24-AUG-2023\', (\'29\'), \'25-AUG-2023\', (\'Telkom\'), \'02\', \'BA 4848 ML\', (\'Bapak Rofi\'), (\'0822573967\'), \'24-AUG-2023\', (\'10\'), (\'100\'), (\'1000\'), \'26-AUG-2023\', \'27-AUG-2023\', \'tidak ada\', \'\')')
 4 SYSTEMPATH\Database\BaseConnection.php(606): CodeIgniter\Database\BaseConnection->simpleQuery('INSERT INTO "MM_LIST_BPB" ("MBLNR", "BUDAT", "BPBNO", "KUNNR", "CUSTOMER", "LOKASI", "ADR1", "ADR2", "ADR3", "CPN1", "TPN1", "CPN2", "TPN2", "BUNDLE", "TGL_KIRIM", "ZPONO", "PODAT", "VENDOR", "KET", "POLNO", "BWNM", "BWHP", "TRGDAT", "NOTA", "KOLI1", "BERAT", "KEMBALI", "NOTDAT", "CATATAN", "CATATAN2") VALUES (\'666666\', \'23-AUG-2023\', \'090/PL.01/BPB/031060/2023\', \'Orvala\', \'Telkom University\', \'TELKOMSEL AMBON\', \'TELKOMSEL AMBON\', \'\', \'\', \'BP. HAMDAN\', \'085694141353\', \'\', \'\', (\'04\'), \'24-AUG-2023\', (\'29\'), \'25-AUG-2023\', (\'Telkom\'), \'02\', \'BA 4848 ML\', (\'Bapak Rofi\'), (\'0822573967\'), \'24-AUG-2023\', (\'10\'), (\'100\'), (\'1000\'), \'26-AUG-2023\', \'27-AUG-2023\', \'tidak ada\', \'\')')
 5 SYSTEMPATH\Database\BaseBuilder.php(2309): CodeIgniter\Database\BaseConnection->query('INSERT INTO "MM_LIST_BPB" ("MBLNR", "BUDAT", "BPBNO", "KUNNR", "CUSTOMER", "LOKASI", "ADR1", "ADR2", "ADR3", "CPN1", "TPN1", "CPN2", "TPN2", "BUNDLE", "TGL_KIRIM", "ZPONO", "PODAT", "VENDOR", "KET", "POLNO", "BWNM", "BWHP", "TRGDAT", "NOTA", "KOLI1", "BERAT", "KEMBALI", "NOTDAT", "CATATAN", "CATATAN2") VALUES (:MBLNR:, :BUDAT:, :BPBNO:, :KUNNR:, :CUSTOMER:, :LOKASI:, :ADR1:, :ADR2:, :ADR3:, :CPN1:, :TPN1:, :CPN2:, :TPN2:, :BUNDLE:, :TGL_KIRIM:, :ZPONO:, :PODAT:, :VENDOR:, :KET:, :POLNO:, :BWNM:, :BWHP:, :TRGDAT:, :NOTA:, :KOLI1:, :BERAT:, :KEMBALI:, :NOTDAT:, :CATATAN:, :CATATAN2:)', [...], false)
 6 SYSTEMPATH\Model.php(330): CodeIgniter\Database\BaseBuilder->insert()
 7 SYSTEMPATH\BaseModel.php(782): CodeIgniter\Model->doInsert([...])
 8 SYSTEMPATH\Model.php(730): CodeIgniter\BaseModel->insert([...], true)
 9 APPPATH\Controllers\Home.php(94): CodeIgniter\Model->insert([...])
10 SYSTEMPATH\CodeIgniter.php(932): App\Controllers\Home->submitAdd()
11 SYSTEMPATH\CodeIgniter.php(497): CodeIgniter\CodeIgniter->runController(Object(App\Controllers\Home))
12 SYSTEMPATH\CodeIgniter.php(366): CodeIgniter\CodeIgniter->handleRequest(null, Object(Config\Cache), false)
13 FCPATH\index.php(67): CodeIgniter\CodeIgniter->run()
14 SYSTEMPATH\Commands\Server\rewrite.php(47): require_once('C:\\xampp\\htdocs\\projectci4\\public\\index.php')
CRITICAL - 2023-08-23 01:51:13 --> Undefined variable: KET
in APPPATH\Views\form\viewform.php on line 182.
 1 APPPATH\Views\form\viewform.php(182): CodeIgniter\Debug\Exceptions->errorHandler(8, 'Undefined variable: KET', 'C:\\xampp\\htdocs\\projectci4\\app\\Views\\form\\viewform.php', 182, [...])
 2 SYSTEMPATH\View\View.php(224): include('C:\\xampp\\htdocs\\projectci4\\app\\Views\\form\\viewform.php')
 3 SYSTEMPATH\View\View.php(227): CodeIgniter\View\View->CodeIgniter\View\{closure}()
 4 SYSTEMPATH\Common.php(1180): CodeIgniter\View\View->render('form/viewform', [], true)
 5 APPPATH\Controllers\Home.php(104): view('form/viewform', [...])
 6 SYSTEMPATH\CodeIgniter.php(932): App\Controllers\Home->viewform('0000000')
 7 SYSTEMPATH\CodeIgniter.php(497): CodeIgniter\CodeIgniter->runController(Object(App\Controllers\Home))
 8 SYSTEMPATH\CodeIgniter.php(366): CodeIgniter\CodeIgniter->handleRequest(null, Object(Config\Cache), false)
 9 FCPATH\index.php(67): CodeIgniter\CodeIgniter->run()
10 SYSTEMPATH\Commands\Server\rewrite.php(47): require_once('C:\\xampp\\htdocs\\projectci4\\public\\index.php')
ERROR - 2023-08-23 02:22:07 --> ErrorException: oci_execute(): ORA-00904: &quot;DIVISI&quot;: invalid identifier in C:\xampp\htdocs\projectci4\system\Database\OCI8\Connection.php:199
Stack trace:
#0 [internal function]: CodeIgniter\Debug\Exceptions->errorHandler(2, 'oci_execute(): ...', 'C:\\xampp\\htdocs...', 199, Array)
#1 C:\xampp\htdocs\projectci4\system\Database\OCI8\Connection.php(199): oci_execute(Resource id #134, 32)
#2 C:\xampp\htdocs\projectci4\system\Database\BaseConnection.php(692): CodeIgniter\Database\OCI8\Connection->execute('INSERT INTO "MM...')
#3 C:\xampp\htdocs\projectci4\system\Database\BaseConnection.php(606): CodeIgniter\Database\BaseConnection->simpleQuery('INSERT INTO "MM...')
#4 C:\xampp\htdocs\projectci4\system\Database\BaseBuilder.php(2309): CodeIgniter\Database\BaseConnection->query('INSERT INTO "MM...', Array, false)
#5 C:\xampp\htdocs\projectci4\system\Model.php(330): CodeIgniter\Database\BaseBuilder->insert()
#6 C:\xampp\htdocs\projectci4\system\BaseModel.php(782): CodeIgniter\Model->doInsert(Array)
#7 C:\xampp\htdocs\projectci4\system\Model.php(730): CodeIgniter\BaseModel->insert(Array, true)
#8 C:\xampp\htdocs\projectci4\app\Controllers\Home.php(95): CodeIgniter\Model->insert(Array)
#9 C:\xampp\htdocs\projectci4\system\CodeIgniter.php(932): App\Controllers\Home->submitAdd()
#10 C:\xampp\htdocs\projectci4\system\CodeIgniter.php(497): CodeIgniter\CodeIgniter->runController(Object(App\Controllers\Home))
#11 C:\xampp\htdocs\projectci4\system\CodeIgniter.php(366): CodeIgniter\CodeIgniter->handleRequest(NULL, Object(Config\Cache), false)
#12 C:\xampp\htdocs\projectci4\public\index.php(67): CodeIgniter\CodeIgniter->run()
#13 C:\xampp\htdocs\projectci4\system\Commands\Server\rewrite.php(47): require_once('C:\\xampp\\htdocs...')
#14 {main}
CRITICAL - 2023-08-23 02:22:07 --> oci_execute(): ORA-00904: &quot;DIVISI&quot;: invalid identifier
in SYSTEMPATH\Database\OCI8\Connection.php on line 199.
 1 [internal function]: CodeIgniter\Debug\Exceptions->errorHandler(2, 'oci_execute(): ORA-00904: &quot;DIVISI&quot;: invalid identifier', 'C:\\xampp\\htdocs\\projectci4\\system\\Database\\OCI8\\Connection.php', 199, [...])
 2 SYSTEMPATH\Database\OCI8\Connection.php(199): oci_execute(resource (oci8 statement), 32)
 3 SYSTEMPATH\Database\BaseConnection.php(692): CodeIgniter\Database\OCI8\Connection->execute('INSERT INTO "MM_LIST_BPB" ("MBLNR", "BUDAT", "BPBNO", "KUNNR", "CUSTOMER", "LOKASI", "ADR1", "ADR2", "ADR3", "CPN1", "TPN1", "CPN2", "TPN2", "BUNDLE", "TGL_KIRIM", "ZPONO", "PODAT", "VENDOR", "KET", "POLNO", "VIA", "BWNM", "BWHP", "TRGDAT", "NOTA", "KOLI1", "BERAT", "KEMBALI", "BANTEX", "NOTDAT", "CATATAN", "CATATAN2", "KDKRJ", "DIVISI") VALUES (\'88888888\', \'01-JAN-1970\', \'12345678\', \'imeh\', \'\', \'GD PT. INTI / SITE\', \'PLTS LAMPUNG AREA\', \'JL.MOCH. TOHA 77 BANDUNG - JABAR\', \'\', \'BP.AHMAD RIDWAN AL-FARUQ\', \'081214404591\', \'\', \'\', (\'\'), \'01-JAN-1970\', (\'\'), \'01-JAN-1970\', (\'\'), \'HAND CARRY\', \'\', \'1\', (\'\'), (\'\'), \'01-JAN-1970\', (\'\'), (\'\'), (\'\'), \'01-JAN-1970\', (\'1234\'), \'01-JAN-1970\', \'\', \'\', \'010400\', NULL)')
 4 SYSTEMPATH\Database\BaseConnection.php(606): CodeIgniter\Database\BaseConnection->simpleQuery('INSERT INTO "MM_LIST_BPB" ("MBLNR", "BUDAT", "BPBNO", "KUNNR", "CUSTOMER", "LOKASI", "ADR1", "ADR2", "ADR3", "CPN1", "TPN1", "CPN2", "TPN2", "BUNDLE", "TGL_KIRIM", "ZPONO", "PODAT", "VENDOR", "KET", "POLNO", "VIA", "BWNM", "BWHP", "TRGDAT", "NOTA", "KOLI1", "BERAT", "KEMBALI", "BANTEX", "NOTDAT", "CATATAN", "CATATAN2", "KDKRJ", "DIVISI") VALUES (\'88888888\', \'01-JAN-1970\', \'12345678\', \'imeh\', \'\', \'GD PT. INTI / SITE\', \'PLTS LAMPUNG AREA\', \'JL.MOCH. TOHA 77 BANDUNG - JABAR\', \'\', \'BP.AHMAD RIDWAN AL-FARUQ\', \'081214404591\', \'\', \'\', (\'\'), \'01-JAN-1970\', (\'\'), \'01-JAN-1970\', (\'\'), \'HAND CARRY\', \'\', \'1\', (\'\'), (\'\'), \'01-JAN-1970\', (\'\'), (\'\'), (\'\'), \'01-JAN-1970\', (\'1234\'), \'01-JAN-1970\', \'\', \'\', \'010400\', NULL)')
 5 SYSTEMPATH\Database\BaseBuilder.php(2309): CodeIgniter\Database\BaseConnection->query('INSERT INTO "MM_LIST_BPB" ("MBLNR", "BUDAT", "BPBNO", "KUNNR", "CUSTOMER", "LOKASI", "ADR1", "ADR2", "ADR3", "CPN1", "TPN1", "CPN2", "TPN2", "BUNDLE", "TGL_KIRIM", "ZPONO", "PODAT", "VENDOR", "KET", "POLNO", "VIA", "BWNM", "BWHP", "TRGDAT", "NOTA", "KOLI1", "BERAT", "KEMBALI", "BANTEX", "NOTDAT", "CATATAN", "CATATAN2", "KDKRJ", "DIVISI") VALUES (:MBLNR:, :BUDAT:, :BPBNO:, :KUNNR:, :CUSTOMER:, :LOKASI:, :ADR1:, :ADR2:, :ADR3:, :CPN1:, :TPN1:, :CPN2:, :TPN2:, :BUNDLE:, :TGL_KIRIM:, :ZPONO:, :PODAT:, :VENDOR:, :KET:, :POLNO:, :VIA:, :BWNM:, :BWHP:, :TRGDAT:, :NOTA:, :KOLI1:, :BERAT:, :KEMBALI:, :BANTEX:, :NOTDAT:, :CATATAN:, :CATATAN2:, :KDKRJ:, :DIVISI:)', [...], false)
 6 SYSTEMPATH\Model.php(330): CodeIgniter\Database\BaseBuilder->insert()
 7 SYSTEMPATH\BaseModel.php(782): CodeIgniter\Model->doInsert([...])
 8 SYSTEMPATH\Model.php(730): CodeIgniter\BaseModel->insert([...], true)
 9 APPPATH\Controllers\Home.php(95): CodeIgniter\Model->insert([...])
10 SYSTEMPATH\CodeIgniter.php(932): App\Controllers\Home->submitAdd()
11 SYSTEMPATH\CodeIgniter.php(497): CodeIgniter\CodeIgniter->runController(Object(App\Controllers\Home))
12 SYSTEMPATH\CodeIgniter.php(366): CodeIgniter\CodeIgniter->handleRequest(null, Object(Config\Cache), false)
13 FCPATH\index.php(67): CodeIgniter\CodeIgniter->run()
14 SYSTEMPATH\Commands\Server\rewrite.php(47): require_once('C:\\xampp\\htdocs\\projectci4\\public\\index.php')
CRITICAL - 2023-08-23 03:10:56 --> Undefined variable: LOKASI
in APPPATH\Views\form\updateform.php on line 72.
 1 APPPATH\Views\form\updateform.php(72): CodeIgniter\Debug\Exceptions->errorHandler(8, 'Undefined variable: LOKASI', 'C:\\xampp\\htdocs\\projectci4\\app\\Views\\form\\updateform.php', 72, [...])
 2 SYSTEMPATH\View\View.php(224): include('C:\\xampp\\htdocs\\projectci4\\app\\Views\\form\\updateform.php')
 3 SYSTEMPATH\View\View.php(227): CodeIgniter\View\View->CodeIgniter\View\{closure}()
 4 SYSTEMPATH\Common.php(1180): CodeIgniter\View\View->render('form/updateform', [], true)
 5 APPPATH\Controllers\Home.php(112): view('form/updateform', [...])
 6 SYSTEMPATH\CodeIgniter.php(932): App\Controllers\Home->viewupdate('1234')
 7 SYSTEMPATH\CodeIgniter.php(497): CodeIgniter\CodeIgniter->runController(Object(App\Controllers\Home))
 8 SYSTEMPATH\CodeIgniter.php(366): CodeIgniter\CodeIgniter->handleRequest(null, Object(Config\Cache), false)
 9 FCPATH\index.php(67): CodeIgniter\CodeIgniter->run()
10 SYSTEMPATH\Commands\Server\rewrite.php(47): require_once('C:\\xampp\\htdocs\\projectci4\\public\\index.php')
CRITICAL - 2023-08-23 04:14:08 --> Trying to access array offset on value of type null
in APPPATH\Views\form\updateform.php on line 16.
 1 APPPATH\Views\form\updateform.php(16): CodeIgniter\Debug\Exceptions->errorHandler(8, 'Trying to access array offset on value of type null', 'C:\\xampp\\htdocs\\projectci4\\app\\Views\\form\\updateform.php', 16, [...])
 2 SYSTEMPATH\View\View.php(224): include('C:\\xampp\\htdocs\\projectci4\\app\\Views\\form\\updateform.php')
 3 SYSTEMPATH\View\View.php(227): CodeIgniter\View\View->CodeIgniter\View\{closure}()
 4 SYSTEMPATH\Common.php(1180): CodeIgniter\View\View->render('form/updateform', [], true)
 5 APPPATH\Controllers\Home.php(119): view('form/updateform', [...])
 6 SYSTEMPATH\CodeIgniter.php(932): App\Controllers\Home->viewupdate('092', 'PL.03', 'BPB', '031005', '2019')
 7 SYSTEMPATH\CodeIgniter.php(497): CodeIgniter\CodeIgniter->runController(Object(App\Controllers\Home))
 8 SYSTEMPATH\CodeIgniter.php(366): CodeIgniter\CodeIgniter->handleRequest(null, Object(Config\Cache), false)
 9 FCPATH\index.php(67): CodeIgniter\CodeIgniter->run()
10 SYSTEMPATH\Commands\Server\rewrite.php(47): require_once('C:\\xampp\\htdocs\\projectci4\\public\\index.php')
CRITICAL - 2023-08-23 04:17:38 --> Trying to access array offset on value of type null
in APPPATH\Views\form\updateform.php on line 16.
 1 APPPATH\Views\form\updateform.php(16): CodeIgniter\Debug\Exceptions->errorHandler(8, 'Trying to access array offset on value of type null', 'C:\\xampp\\htdocs\\projectci4\\app\\Views\\form\\updateform.php', 16, [...])
 2 SYSTEMPATH\View\View.php(224): include('C:\\xampp\\htdocs\\projectci4\\app\\Views\\form\\updateform.php')
 3 SYSTEMPATH\View\View.php(227): CodeIgniter\View\View->CodeIgniter\View\{closure}()
 4 SYSTEMPATH\Common.php(1180): CodeIgniter\View\View->render('form/updateform', [], true)
 5 APPPATH\Controllers\Home.php(119): view('form/updateform', [...])
 6 SYSTEMPATH\CodeIgniter.php(932): App\Controllers\Home->viewupdate('092', 'PL.03', 'BPB', '031005', '2019')
 7 SYSTEMPATH\CodeIgniter.php(497): CodeIgniter\CodeIgniter->runController(Object(App\Controllers\Home))
 8 SYSTEMPATH\CodeIgniter.php(366): CodeIgniter\CodeIgniter->handleRequest(null, Object(Config\Cache), false)
 9 FCPATH\index.php(67): CodeIgniter\CodeIgniter->run()
10 SYSTEMPATH\Commands\Server\rewrite.php(47): require_once('C:\\xampp\\htdocs\\projectci4\\public\\index.php')
CRITICAL - 2023-08-23 04:18:15 --> Trying to access array offset on value of type null
in APPPATH\Views\form\updateform.php on line 16.
 1 APPPATH\Views\form\updateform.php(16): CodeIgniter\Debug\Exceptions->errorHandler(8, 'Trying to access array offset on value of type null', 'C:\\xampp\\htdocs\\projectci4\\app\\Views\\form\\updateform.php', 16, [...])
 2 SYSTEMPATH\View\View.php(224): include('C:\\xampp\\htdocs\\projectci4\\app\\Views\\form\\updateform.php')
 3 SYSTEMPATH\View\View.php(227): CodeIgniter\View\View->CodeIgniter\View\{closure}()
 4 SYSTEMPATH\Common.php(1180): CodeIgniter\View\View->render('form/updateform', [], true)
 5 APPPATH\Controllers\Home.php(119): view('form/updateform', [...])
 6 SYSTEMPATH\CodeIgniter.php(932): App\Controllers\Home->viewupdate('092', 'PL.03', 'BPB', '031005', '2019')
 7 SYSTEMPATH\CodeIgniter.php(497): CodeIgniter\CodeIgniter->runController(Object(App\Controllers\Home))
 8 SYSTEMPATH\CodeIgniter.php(366): CodeIgniter\CodeIgniter->handleRequest(null, Object(Config\Cache), false)
 9 FCPATH\index.php(67): CodeIgniter\CodeIgniter->run()
10 SYSTEMPATH\Commands\Server\rewrite.php(47): require_once('C:\\xampp\\htdocs\\projectci4\\public\\index.php')
CRITICAL - 2023-08-23 04:20:35 --> preg_match(): Compilation failed: missing closing parenthesis at offset 24
in SYSTEMPATH\Router\Router.php on line 419.
 1 [internal function]: CodeIgniter\Debug\Exceptions->errorHandler(2, 'preg_match(): Compilation failed: missing closing parenthesis at offset 24', 'C:\\xampp\\htdocs\\projectci4\\system\\Router\\Router.php', 419, [...])
 2 SYSTEMPATH\Router\Router.php(419): preg_match('#^form/viewupdate/([^/]+$#u', 'form/viewupdate/092/PL.03/BPB/031005/2019', [])
 3 SYSTEMPATH\Router\Router.php(182): CodeIgniter\Router\Router->checkRoutes('form/viewupdate/092/PL.03/BPB/031005/2019')
 4 SYSTEMPATH\CodeIgniter.php(813): CodeIgniter\Router\Router->handle('form/viewupdate/092/PL.03/BPB/031005/2019')
 5 SYSTEMPATH\CodeIgniter.php(447): CodeIgniter\CodeIgniter->tryToRouteIt(Object(CodeIgniter\Router\RouteCollection))
 6 SYSTEMPATH\CodeIgniter.php(366): CodeIgniter\CodeIgniter->handleRequest(null, Object(Config\Cache), false)
 7 FCPATH\index.php(67): CodeIgniter\CodeIgniter->run()
 8 SYSTEMPATH\Commands\Server\rewrite.php(47): require_once('C:\\xampp\\htdocs\\projectci4\\public\\index.php')
CRITICAL - 2023-08-23 04:24:56 --> preg_match(): Compilation failed: missing closing parenthesis at offset 24
in SYSTEMPATH\Router\Router.php on line 419.
 1 [internal function]: CodeIgniter\Debug\Exceptions->errorHandler(2, 'preg_match(): Compilation failed: missing closing parenthesis at offset 24', 'C:\\xampp\\htdocs\\projectci4\\system\\Router\\Router.php', 419, [...])
 2 SYSTEMPATH\Router\Router.php(419): preg_match('#^form/viewupdate/([^/]+$#u', 'form/viewupdate', [])
 3 SYSTEMPATH\Router\Router.php(182): CodeIgniter\Router\Router->checkRoutes('form/viewupdate')
 4 SYSTEMPATH\CodeIgniter.php(813): CodeIgniter\Router\Router->handle('form/viewupdate/')
 5 SYSTEMPATH\CodeIgniter.php(447): CodeIgniter\CodeIgniter->tryToRouteIt(Object(CodeIgniter\Router\RouteCollection))
 6 SYSTEMPATH\CodeIgniter.php(366): CodeIgniter\CodeIgniter->handleRequest(null, Object(Config\Cache), false)
 7 FCPATH\index.php(67): CodeIgniter\CodeIgniter->run()
 8 SYSTEMPATH\Commands\Server\rewrite.php(47): require_once('C:\\xampp\\htdocs\\projectci4\\public\\index.php')
CRITICAL - 2023-08-23 04:25:40 --> preg_match(): Compilation failed: missing closing parenthesis at offset 24
in SYSTEMPATH\Router\Router.php on line 419.
 1 [internal function]: CodeIgniter\Debug\Exceptions->errorHandler(2, 'preg_match(): Compilation failed: missing closing parenthesis at offset 24', 'C:\\xampp\\htdocs\\projectci4\\system\\Router\\Router.php', 419, [...])
 2 SYSTEMPATH\Router\Router.php(419): preg_match('#^form/viewupdate/([^/]+$#u', 'form/viewupdate', [])
 3 SYSTEMPATH\Router\Router.php(182): CodeIgniter\Router\Router->checkRoutes('form/viewupdate')
 4 SYSTEMPATH\CodeIgniter.php(813): CodeIgniter\Router\Router->handle('form/viewupdate/')
 5 SYSTEMPATH\CodeIgniter.php(447): CodeIgniter\CodeIgniter->tryToRouteIt(Object(CodeIgniter\Router\RouteCollection))
 6 SYSTEMPATH\CodeIgniter.php(366): CodeIgniter\CodeIgniter->handleRequest(null, Object(Config\Cache), false)
 7 FCPATH\index.php(67): CodeIgniter\CodeIgniter->run()
 8 SYSTEMPATH\Commands\Server\rewrite.php(47): require_once('C:\\xampp\\htdocs\\projectci4\\public\\index.php')
CRITICAL - 2023-08-23 04:25:41 --> preg_match(): Compilation failed: missing closing parenthesis at offset 24
in SYSTEMPATH\Router\Router.php on line 419.
 1 [internal function]: CodeIgniter\Debug\Exceptions->errorHandler(2, 'preg_match(): Compilation failed: missing closing parenthesis at offset 24', 'C:\\xampp\\htdocs\\projectci4\\system\\Router\\Router.php', 419, [...])
 2 SYSTEMPATH\Router\Router.php(419): preg_match('#^form/viewupdate/([^/]+$#u', 'form/viewupdate', [])
 3 SYSTEMPATH\Router\Router.php(182): CodeIgniter\Router\Router->checkRoutes('form/viewupdate')
 4 SYSTEMPATH\CodeIgniter.php(813): CodeIgniter\Router\Router->handle('form/viewupdate/')
 5 SYSTEMPATH\CodeIgniter.php(447): CodeIgniter\CodeIgniter->tryToRouteIt(Object(CodeIgniter\Router\RouteCollection))
 6 SYSTEMPATH\CodeIgniter.php(366): CodeIgniter\CodeIgniter->handleRequest(null, Object(Config\Cache), false)
 7 FCPATH\index.php(67): CodeIgniter\CodeIgniter->run()
 8 SYSTEMPATH\Commands\Server\rewrite.php(47): require_once('C:\\xampp\\htdocs\\projectci4\\public\\index.php')
CRITICAL - 2023-08-23 04:29:17 --> preg_match(): Compilation failed: missing closing parenthesis at offset 24
in SYSTEMPATH\Router\Router.php on line 419.
 1 [internal function]: CodeIgniter\Debug\Exceptions->errorHandler(2, 'preg_match(): Compilation failed: missing closing parenthesis at offset 24', 'C:\\xampp\\htdocs\\projectci4\\system\\Router\\Router.php', 419, [...])
 2 SYSTEMPATH\Router\Router.php(419): preg_match('#^form/viewupdate/([^/]+$#u', 'form/viewupdate/0000000', [])
 3 SYSTEMPATH\Router\Router.php(182): CodeIgniter\Router\Router->checkRoutes('form/viewupdate/0000000')
 4 SYSTEMPATH\CodeIgniter.php(813): CodeIgniter\Router\Router->handle('form/viewupdate/0000000')
 5 SYSTEMPATH\CodeIgniter.php(447): CodeIgniter\CodeIgniter->tryToRouteIt(Object(CodeIgniter\Router\RouteCollection))
 6 SYSTEMPATH\CodeIgniter.php(366): CodeIgniter\CodeIgniter->handleRequest(null, Object(Config\Cache), false)
 7 FCPATH\index.php(67): CodeIgniter\CodeIgniter->run()
 8 SYSTEMPATH\Commands\Server\rewrite.php(47): require_once('C:\\xampp\\htdocs\\projectci4\\public\\index.php')
CRITICAL - 2023-08-23 04:31:01 --> preg_match(): Compilation failed: missing closing parenthesis at offset 25
in SYSTEMPATH\Router\Router.php on line 419.
 1 [internal function]: CodeIgniter\Debug\Exceptions->errorHandler(2, 'preg_match(): Compilation failed: missing closing parenthesis at offset 25', 'C:\\xampp\\htdocs\\projectci4\\system\\Router\\Router.php', 419, [...])
 2 SYSTEMPATH\Router\Router.php(419): preg_match('#^form/viewupdate/([0-9]+$#u', 'form/viewupdate/0000000', [])
 3 SYSTEMPATH\Router\Router.php(182): CodeIgniter\Router\Router->checkRoutes('form/viewupdate/0000000')
 4 SYSTEMPATH\CodeIgniter.php(813): CodeIgniter\Router\Router->handle('form/viewupdate/0000000')
 5 SYSTEMPATH\CodeIgniter.php(447): CodeIgniter\CodeIgniter->tryToRouteIt(Object(CodeIgniter\Router\RouteCollection))
 6 SYSTEMPATH\CodeIgniter.php(366): CodeIgniter\CodeIgniter->handleRequest(null, Object(Config\Cache), false)
 7 FCPATH\index.php(67): CodeIgniter\CodeIgniter->run()
 8 SYSTEMPATH\Commands\Server\rewrite.php(47): require_once('C:\\xampp\\htdocs\\projectci4\\public\\index.php')
CRITICAL - 2023-08-23 04:34:19 --> preg_match(): Compilation failed: missing closing parenthesis at offset 25
in SYSTEMPATH\Router\Router.php on line 419.
 1 [internal function]: CodeIgniter\Debug\Exceptions->errorHandler(2, 'preg_match(): Compilation failed: missing closing parenthesis at offset 25', 'C:\\xampp\\htdocs\\projectci4\\system\\Router\\Router.php', 419, [...])
 2 SYSTEMPATH\Router\Router.php(419): preg_match('#^form/viewupdate/([0-9]+$#u', 'form/viewupdate/12218900', [])
 3 SYSTEMPATH\Router\Router.php(182): CodeIgniter\Router\Router->checkRoutes('form/viewupdate/12218900')
 4 SYSTEMPATH\CodeIgniter.php(813): CodeIgniter\Router\Router->handle('form/viewupdate/12218900')
 5 SYSTEMPATH\CodeIgniter.php(447): CodeIgniter\CodeIgniter->tryToRouteIt(Object(CodeIgniter\Router\RouteCollection))
 6 SYSTEMPATH\CodeIgniter.php(366): CodeIgniter\CodeIgniter->handleRequest(null, Object(Config\Cache), false)
 7 FCPATH\index.php(67): CodeIgniter\CodeIgniter->run()
 8 SYSTEMPATH\Commands\Server\rewrite.php(47): require_once('C:\\xampp\\htdocs\\projectci4\\public\\index.php')
