CRITICAL - 2023-08-25 02:22:38 --> Undefined variable: data
in APPPATH\Views\Reservation\monrev.php on line 45.
 1 APPPATH\Views\Reservation\monrev.php(45): CodeIgniter\Debug\Exceptions->errorHandler(8, 'Undefined variable: data', 'C:\\xampp\\htdocs\\projectci4\\app\\Views\\Reservation\\monrev.php', 45, [...])
 2 SYSTEMPATH\View\View.php(224): include('C:\\xampp\\htdocs\\projectci4\\app\\Views\\Reservation\\monrev.php')
 3 SYSTEMPATH\View\View.php(227): CodeIgniter\View\View->CodeIgniter\View\{closure}()
 4 SYSTEMPATH\Common.php(1180): CodeIgniter\View\View->render('/Reservation/monrev', [], true)
 5 APPPATH\Controllers\Home.php(179): view('/Reservation/monrev', [...])
 6 SYSTEMPATH\CodeIgniter.php(932): App\Controllers\Home->MonitoringReservation()
 7 SYSTEMPATH\CodeIgniter.php(497): CodeIgniter\CodeIgniter->runController(Object(App\Controllers\Home))
 8 SYSTEMPATH\CodeIgniter.php(366): CodeIgniter\CodeIgniter->handleRequest(null, Object(Config\Cache), false)
 9 FCPATH\index.php(67): CodeIgniter\CodeIgniter->run()
10 SYSTEMPATH\Commands\Server\rewrite.php(47): require_once('C:\\xampp\\htdocs\\projectci4\\public\\index.php')
CRITICAL - 2023-08-25 02:23:53 --> Undefined index: RSPOS
in APPPATH\Views\Reservation\monrev.php on line 50.
 1 APPPATH\Views\Reservation\monrev.php(50): CodeIgniter\Debug\Exceptions->errorHandler(8, 'Undefined index: RSPOS', 'C:\\xampp\\htdocs\\projectci4\\app\\Views\\Reservation\\monrev.php', 50, [...])
 2 SYSTEMPATH\View\View.php(224): include('C:\\xampp\\htdocs\\projectci4\\app\\Views\\Reservation\\monrev.php')
 3 SYSTEMPATH\View\View.php(227): CodeIgniter\View\View->CodeIgniter\View\{closure}()
 4 SYSTEMPATH\Common.php(1180): CodeIgniter\View\View->render('/Reservation/monrev', [], true)
 5 APPPATH\Controllers\Home.php(179): view('/Reservation/monrev', [...])
 6 SYSTEMPATH\CodeIgniter.php(932): App\Controllers\Home->MonitoringReservation()
 7 SYSTEMPATH\CodeIgniter.php(497): CodeIgniter\CodeIgniter->runController(Object(App\Controllers\Home))
 8 SYSTEMPATH\CodeIgniter.php(366): CodeIgniter\CodeIgniter->handleRequest(null, Object(Config\Cache), false)
 9 FCPATH\index.php(67): CodeIgniter\CodeIgniter->run()
10 SYSTEMPATH\Commands\Server\rewrite.php(47): require_once('C:\\xampp\\htdocs\\projectci4\\public\\index.php')
CRITICAL - 2023-08-25 02:23:55 --> Undefined index: RSPOS
in APPPATH\Views\Reservation\monrev.php on line 50.
 1 APPPATH\Views\Reservation\monrev.php(50): CodeIgniter\Debug\Exceptions->errorHandler(8, 'Undefined index: RSPOS', 'C:\\xampp\\htdocs\\projectci4\\app\\Views\\Reservation\\monrev.php', 50, [...])
 2 SYSTEMPATH\View\View.php(224): include('C:\\xampp\\htdocs\\projectci4\\app\\Views\\Reservation\\monrev.php')
 3 SYSTEMPATH\View\View.php(227): CodeIgniter\View\View->CodeIgniter\View\{closure}()
 4 SYSTEMPATH\Common.php(1180): CodeIgniter\View\View->render('/Reservation/monrev', [], true)
 5 APPPATH\Controllers\Home.php(179): view('/Reservation/monrev', [...])
 6 SYSTEMPATH\CodeIgniter.php(932): App\Controllers\Home->MonitoringReservation()
 7 SYSTEMPATH\CodeIgniter.php(497): CodeIgniter\CodeIgniter->runController(Object(App\Controllers\Home))
 8 SYSTEMPATH\CodeIgniter.php(366): CodeIgniter\CodeIgniter->handleRequest(null, Object(Config\Cache), false)
 9 FCPATH\index.php(67): CodeIgniter\CodeIgniter->run()
10 SYSTEMPATH\Commands\Server\rewrite.php(47): require_once('C:\\xampp\\htdocs\\projectci4\\public\\index.php')
CRITICAL - 2023-08-25 03:55:40 --> syntax error, unexpected '$lISTBPBModel' (T_VARIABLE)
in APPPATH\Controllers\Home.php on line 97.
 1 SYSTEMPATH\Autoloader\Autoloader.php(289): CodeIgniter\Autoloader\Autoloader->includeFile('C:\\xampp\\htdocs\\projectci4\\app\\Controllers\\Home.php')
 2 SYSTEMPATH\Autoloader\Autoloader.php(267): CodeIgniter\Autoloader\Autoloader->loadInNamespace('App\\Controllers\\Home')
 3 [internal function]: CodeIgniter\Autoloader\Autoloader->loadClass('App\\Controllers\\Home')
 4 [internal function]: spl_autoload_call('App\\Controllers\\Home')
 5 SYSTEMPATH\CodeIgniter.php(890): class_exists('\\App\\Controllers\\Home', true)
 6 SYSTEMPATH\CodeIgniter.php(484): CodeIgniter\CodeIgniter->startController()
 7 SYSTEMPATH\CodeIgniter.php(366): CodeIgniter\CodeIgniter->handleRequest(null, Object(Config\Cache), false)
 8 FCPATH\index.php(67): CodeIgniter\CodeIgniter->run()
 9 SYSTEMPATH\Commands\Server\rewrite.php(47): require_once('C:\\xampp\\htdocs\\projectci4\\public\\index.php')
