ERROR - 2023-08-10 03:33:33 --> ErrorException: oci_execute(): ORA-00904: &quot;TRGDATE&quot;: invalid identifier in C:\xampp\htdocs\projectci4\system\Database\OCI8\Connection.php:199
Stack trace:
#0 [internal function]: CodeIgniter\Debug\Exceptions->errorHandler(2, 'oci_execute(): ...', 'C:\\xampp\\htdocs...', 199, Array)
#1 C:\xampp\htdocs\projectci4\system\Database\OCI8\Connection.php(199): oci_execute(Resource id #134, 32)
#2 C:\xampp\htdocs\projectci4\system\Database\BaseConnection.php(692): CodeIgniter\Database\OCI8\Connection->execute('INSERT INTO "MM...')
#3 C:\xampp\htdocs\projectci4\system\Database\BaseConnection.php(606): CodeIgniter\Database\BaseConnection->simpleQuery('INSERT INTO "MM...')
#4 C:\xampp\htdocs\projectci4\system\Database\BaseBuilder.php(2309): CodeIgniter\Database\BaseConnection->query('INSERT INTO "MM...', Array, false)
#5 C:\xampp\htdocs\projectci4\system\Model.php(330): CodeIgniter\Database\BaseBuilder->insert()
#6 C:\xampp\htdocs\projectci4\system\BaseModel.php(782): CodeIgniter\Model->doInsert(Array)
#7 C:\xampp\htdocs\projectci4\system\Model.php(730): CodeIgniter\BaseModel->insert(Array, true)
#8 C:\xampp\htdocs\projectci4\app\Controllers\Home.php(72): CodeIgniter\Model->insert(Array)
#9 C:\xampp\htdocs\projectci4\system\CodeIgniter.php(932): App\Controllers\Home->submitAdd()
#10 C:\xampp\htdocs\projectci4\system\CodeIgniter.php(497): CodeIgniter\CodeIgniter->runController(Object(App\Controllers\Home))
#11 C:\xampp\htdocs\projectci4\system\CodeIgniter.php(366): CodeIgniter\CodeIgniter->handleRequest(NULL, Object(Config\Cache), false)
#12 C:\xampp\htdocs\projectci4\public\index.php(67): CodeIgniter\CodeIgniter->run()
#13 C:\xampp\htdocs\projectci4\system\Commands\Server\rewrite.php(47): require_once('C:\\xampp\\htdocs...')
#14 {main}
CRITICAL - 2023-08-10 03:33:33 --> oci_execute(): ORA-00904: &quot;TRGDATE&quot;: invalid identifier
in SYSTEMPATH\Database\OCI8\Connection.php on line 199.
 1 [internal function]: CodeIgniter\Debug\Exceptions->errorHandler(2, 'oci_execute(): ORA-00904: &quot;TRGDATE&quot;: invalid identifier', 'C:\\xampp\\htdocs\\projectci4\\system\\Database\\OCI8\\Connection.php', 199, [...])
 2 SYSTEMPATH\Database\OCI8\Connection.php(199): oci_execute(resource (oci8 statement), 32)
 3 SYSTEMPATH\Database\BaseConnection.php(692): CodeIgniter\Database\OCI8\Connection->execute('INSERT INTO "MM_LIST_BPB" ("MBLNR", "TRGDATE", "BPBNO", "KUNNR", "CUSTOMER", "LOKASI", "ADR1", "ADR2", "ADR3", "CPN1", "TPN1", "CPN2", "TPN2", "BUNDLE", "TGL_KIRIM", "ZPONO", "PODAT", "VENDOR", "KET", "POLNO", "BWNM", "BWHP", "TRGDAT", "NOTA", "KOLI1", "BERAT", "KEMBALI", "NOTDAT", "CATATAN", "CATATAN2") VALUES (\'\', \'\', \'\', \'\', NULL, \'\', \'\', \'\', \'\', \'\', \'\', \'\', \'\', (\'\'), (\'\'), (\'\'), (\'\'), NULL, \'1\', \'\', (\'\'), (\'\'), (\'2023-08-25\'), (\'\'), (\'\'), (\'\'), (\'\'), (\'\'), \'\', \'\')')
 4 SYSTEMPATH\Database\BaseConnection.php(606): CodeIgniter\Database\BaseConnection->simpleQuery('INSERT INTO "MM_LIST_BPB" ("MBLNR", "TRGDATE", "BPBNO", "KUNNR", "CUSTOMER", "LOKASI", "ADR1", "ADR2", "ADR3", "CPN1", "TPN1", "CPN2", "TPN2", "BUNDLE", "TGL_KIRIM", "ZPONO", "PODAT", "VENDOR", "KET", "POLNO", "BWNM", "BWHP", "TRGDAT", "NOTA", "KOLI1", "BERAT", "KEMBALI", "NOTDAT", "CATATAN", "CATATAN2") VALUES (\'\', \'\', \'\', \'\', NULL, \'\', \'\', \'\', \'\', \'\', \'\', \'\', \'\', (\'\'), (\'\'), (\'\'), (\'\'), NULL, \'1\', \'\', (\'\'), (\'\'), (\'2023-08-25\'), (\'\'), (\'\'), (\'\'), (\'\'), (\'\'), \'\', \'\')')
 5 SYSTEMPATH\Database\BaseBuilder.php(2309): CodeIgniter\Database\BaseConnection->query('INSERT INTO "MM_LIST_BPB" ("MBLNR", "TRGDATE", "BPBNO", "KUNNR", "CUSTOMER", "LOKASI", "ADR1", "ADR2", "ADR3", "CPN1", "TPN1", "CPN2", "TPN2", "BUNDLE", "TGL_KIRIM", "ZPONO", "PODAT", "VENDOR", "KET", "POLNO", "BWNM", "BWHP", "TRGDAT", "NOTA", "KOLI1", "BERAT", "KEMBALI", "NOTDAT", "CATATAN", "CATATAN2") VALUES (:MBLNR:, :TRGDATE:, :BPBNO:, :KUNNR:, :CUSTOMER:, :LOKASI:, :ADR1:, :ADR2:, :ADR3:, :CPN1:, :TPN1:, :CPN2:, :TPN2:, :BUNDLE:, :TGL_KIRIM:, :ZPONO:, :PODAT:, :VENDOR:, :KET:, :POLNO:, :BWNM:, :BWHP:, :TRGDAT:, :NOTA:, :KOLI1:, :BERAT:, :KEMBALI:, :NOTDAT:, :CATATAN:, :CATATAN2:)', [...], false)
 6 SYSTEMPATH\Model.php(330): CodeIgniter\Database\BaseBuilder->insert()
 7 SYSTEMPATH\BaseModel.php(782): CodeIgniter\Model->doInsert([...])
 8 SYSTEMPATH\Model.php(730): CodeIgniter\BaseModel->insert([...], true)
 9 APPPATH\Controllers\Home.php(72): CodeIgniter\Model->insert([...])
10 SYSTEMPATH\CodeIgniter.php(932): App\Controllers\Home->submitAdd()
11 SYSTEMPATH\CodeIgniter.php(497): CodeIgniter\CodeIgniter->runController(Object(App\Controllers\Home))
12 SYSTEMPATH\CodeIgniter.php(366): CodeIgniter\CodeIgniter->handleRequest(null, Object(Config\Cache), false)
13 FCPATH\index.php(67): CodeIgniter\CodeIgniter->run()
14 SYSTEMPATH\Commands\Server\rewrite.php(47): require_once('C:\\xampp\\htdocs\\projectci4\\public\\index.php')
