CRITICAL - 2023-08-22 04:00:34 --> Undefined variable: data
in APPPATH\Views\form\formbpb.php on line 27.
 1 APPPATH\Views\form\formbpb.php(27): CodeIgniter\Debug\Exceptions->errorHandler(8, 'Undefined variable: data', 'C:\\xampp\\htdocs\\projectci4\\app\\Views\\form\\formbpb.php', 27, [...])
 2 SYSTEMPATH\View\View.php(224): include('C:\\xampp\\htdocs\\projectci4\\app\\Views\\form\\formbpb.php')
 3 SYSTEMPATH\View\View.php(227): CodeIgniter\View\View->CodeIgniter\View\{closure}()
 4 SYSTEMPATH\Common.php(1180): CodeIgniter\View\View->render('/form/formbpb', [], true)
 5 APPPATH\Controllers\Home.php(37): view('/form/formbpb', [...])
 6 SYSTEMPATH\CodeIgniter.php(932): App\Controllers\Home->FormBPB()
 7 SYSTEMPATH\CodeIgniter.php(497): CodeIgniter\CodeIgniter->runController(Object(App\Controllers\Home))
 8 SYSTEMPATH\CodeIgniter.php(366): CodeIgniter\CodeIgniter->handleRequest(null, Object(Config\Cache), false)
 9 FCPATH\index.php(67): CodeIgniter\CodeIgniter->run()
10 SYSTEMPATH\Commands\Server\rewrite.php(47): require_once('C:\\xampp\\htdocs\\projectci4\\public\\index.php')
CRITICAL - 2023-08-22 04:11:40 --> Undefined variable: data
in APPPATH\Views\form\viewform.php on line 27.
 1 APPPATH\Views\form\viewform.php(27): CodeIgniter\Debug\Exceptions->errorHandler(8, 'Undefined variable: data', 'C:\\xampp\\htdocs\\projectci4\\app\\Views\\form\\viewform.php', 27, [...])
 2 SYSTEMPATH\View\View.php(224): include('C:\\xampp\\htdocs\\projectci4\\app\\Views\\form\\viewform.php')
 3 SYSTEMPATH\View\View.php(227): CodeIgniter\View\View->CodeIgniter\View\{closure}()
 4 SYSTEMPATH\Common.php(1180): CodeIgniter\View\View->render('form/viewform', [], true)
 5 APPPATH\Controllers\Home.php(104): view('form/viewform', [...])
 6 SYSTEMPATH\CodeIgniter.php(932): App\Controllers\Home->viewform('12345678')
 7 SYSTEMPATH\CodeIgniter.php(497): CodeIgniter\CodeIgniter->runController(Object(App\Controllers\Home))
 8 SYSTEMPATH\CodeIgniter.php(366): CodeIgniter\CodeIgniter->handleRequest(null, Object(Config\Cache), false)
 9 FCPATH\index.php(67): CodeIgniter\CodeIgniter->run()
10 SYSTEMPATH\Commands\Server\rewrite.php(47): require_once('C:\\xampp\\htdocs\\projectci4\\public\\index.php')
CRITICAL - 2023-08-22 04:13:08 --> Undefined variable: data
in APPPATH\Views\form\viewform.php on line 36.
 1 APPPATH\Views\form\viewform.php(36): CodeIgniter\Debug\Exceptions->errorHandler(8, 'Undefined variable: data', 'C:\\xampp\\htdocs\\projectci4\\app\\Views\\form\\viewform.php', 36, [...])
 2 SYSTEMPATH\View\View.php(224): include('C:\\xampp\\htdocs\\projectci4\\app\\Views\\form\\viewform.php')
 3 SYSTEMPATH\View\View.php(227): CodeIgniter\View\View->CodeIgniter\View\{closure}()
 4 SYSTEMPATH\Common.php(1180): CodeIgniter\View\View->render('form/viewform', [], true)
 5 APPPATH\Controllers\Home.php(104): view('form/viewform', [...])
 6 SYSTEMPATH\CodeIgniter.php(932): App\Controllers\Home->viewform('12345678')
 7 SYSTEMPATH\CodeIgniter.php(497): CodeIgniter\CodeIgniter->runController(Object(App\Controllers\Home))
 8 SYSTEMPATH\CodeIgniter.php(366): CodeIgniter\CodeIgniter->handleRequest(null, Object(Config\Cache), false)
 9 FCPATH\index.php(67): CodeIgniter\CodeIgniter->run()
10 SYSTEMPATH\Commands\Server\rewrite.php(47): require_once('C:\\xampp\\htdocs\\projectci4\\public\\index.php')
CRITICAL - 2023-08-22 04:13:24 --> Undefined variable: LOKASI
in APPPATH\Views\form\viewform.php on line 72.
 1 APPPATH\Views\form\viewform.php(72): CodeIgniter\Debug\Exceptions->errorHandler(8, 'Undefined variable: LOKASI', 'C:\\xampp\\htdocs\\projectci4\\app\\Views\\form\\viewform.php', 72, [...])
 2 SYSTEMPATH\View\View.php(224): include('C:\\xampp\\htdocs\\projectci4\\app\\Views\\form\\viewform.php')
 3 SYSTEMPATH\View\View.php(227): CodeIgniter\View\View->CodeIgniter\View\{closure}()
 4 SYSTEMPATH\Common.php(1180): CodeIgniter\View\View->render('form/viewform', [], true)
 5 APPPATH\Controllers\Home.php(104): view('form/viewform', [...])
 6 SYSTEMPATH\CodeIgniter.php(932): App\Controllers\Home->viewform('12345678')
 7 SYSTEMPATH\CodeIgniter.php(497): CodeIgniter\CodeIgniter->runController(Object(App\Controllers\Home))
 8 SYSTEMPATH\CodeIgniter.php(366): CodeIgniter\CodeIgniter->handleRequest(null, Object(Config\Cache), false)
 9 FCPATH\index.php(67): CodeIgniter\CodeIgniter->run()
10 SYSTEMPATH\Commands\Server\rewrite.php(47): require_once('C:\\xampp\\htdocs\\projectci4\\public\\index.php')
CRITICAL - 2023-08-22 04:14:13 --> Undefined variable: KDKRJ
in APPPATH\Views\form\viewform.php on line 299.
 1 APPPATH\Views\form\viewform.php(299): CodeIgniter\Debug\Exceptions->errorHandler(8, 'Undefined variable: KDKRJ', 'C:\\xampp\\htdocs\\projectci4\\app\\Views\\form\\viewform.php', 299, [...])
 2 SYSTEMPATH\View\View.php(224): include('C:\\xampp\\htdocs\\projectci4\\app\\Views\\form\\viewform.php')
 3 SYSTEMPATH\View\View.php(227): CodeIgniter\View\View->CodeIgniter\View\{closure}()
 4 SYSTEMPATH\Common.php(1180): CodeIgniter\View\View->render('form/viewform', [], true)
 5 APPPATH\Controllers\Home.php(104): view('form/viewform', [...])
 6 SYSTEMPATH\CodeIgniter.php(932): App\Controllers\Home->viewform('12345678')
 7 SYSTEMPATH\CodeIgniter.php(497): CodeIgniter\CodeIgniter->runController(Object(App\Controllers\Home))
 8 SYSTEMPATH\CodeIgniter.php(366): CodeIgniter\CodeIgniter->handleRequest(null, Object(Config\Cache), false)
 9 FCPATH\index.php(67): CodeIgniter\CodeIgniter->run()
10 SYSTEMPATH\Commands\Server\rewrite.php(47): require_once('C:\\xampp\\htdocs\\projectci4\\public\\index.php')
