CRITICAL - 2023-08-29 02:01:13 --> A non well formed numeric value encountered
in APPPATH\Views\form\updateform.php on line 235.
 1 [internal function]: CodeIgniter\Debug\Exceptions->errorHandler(8, 'A non well formed numeric value encountered', 'C:\\xampp\\htdocs\\projectci4\\app\\Views\\form\\updateform.php', 235, [...])
 2 APPPATH\Views\form\updateform.php(235): date('m/d/Y', '01-JAN-70')
 3 SYSTEMPATH\View\View.php(224): include('C:\\xampp\\htdocs\\projectci4\\app\\Views\\form\\updateform.php')
 4 SYSTEMPATH\View\View.php(227): CodeIgniter\View\View->CodeIgniter\View\{closure}()
 5 SYSTEMPATH\Common.php(1180): CodeIgniter\View\View->render('form/updateform', [], true)
 6 APPPATH\Controllers\Home.php(121): view('form/updateform', [...])
 7 SYSTEMPATH\CodeIgniter.php(932): App\Controllers\Home->viewupdate('6868')
 8 SYSTEMPATH\CodeIgniter.php(497): CodeIgniter\CodeIgniter->runController(Object(App\Controllers\Home))
 9 SYSTEMPATH\CodeIgniter.php(366): CodeIgniter\CodeIgniter->handleRequest(null, Object(Config\Cache), false)
10 FCPATH\index.php(67): CodeIgniter\CodeIgniter->run()
11 SYSTEMPATH\Commands\Server\rewrite.php(47): require_once('C:\\xampp\\htdocs\\projectci4\\public\\index.php')
CRITICAL - 2023-08-29 02:32:01 --> Undefined index: BUBAT
in APPPATH\Views\form\updateform.php on line 36.
 1 APPPATH\Views\form\updateform.php(36): CodeIgniter\Debug\Exceptions->errorHandler(8, 'Undefined index: BUBAT', 'C:\\xampp\\htdocs\\projectci4\\app\\Views\\form\\updateform.php', 36, [...])
 2 SYSTEMPATH\View\View.php(224): include('C:\\xampp\\htdocs\\projectci4\\app\\Views\\form\\updateform.php')
 3 SYSTEMPATH\View\View.php(227): CodeIgniter\View\View->CodeIgniter\View\{closure}()
 4 SYSTEMPATH\Common.php(1180): CodeIgniter\View\View->render('form/updateform', [], true)
 5 APPPATH\Controllers\Home.php(121): view('form/updateform', [...])
 6 SYSTEMPATH\CodeIgniter.php(932): App\Controllers\Home->viewupdate('6868')
 7 SYSTEMPATH\CodeIgniter.php(497): CodeIgniter\CodeIgniter->runController(Object(App\Controllers\Home))
 8 SYSTEMPATH\CodeIgniter.php(366): CodeIgniter\CodeIgniter->handleRequest(null, Object(Config\Cache), false)
 9 FCPATH\index.php(67): CodeIgniter\CodeIgniter->run()
10 SYSTEMPATH\Commands\Server\rewrite.php(47): require_once('C:\\xampp\\htdocs\\projectci4\\public\\index.php')
CRITICAL - 2023-08-29 03:16:30 --> Undefined variable: RSNUM
in APPPATH\Views\form\updateform.php on line 28.
 1 APPPATH\Views\form\updateform.php(28): CodeIgniter\Debug\Exceptions->errorHandler(8, 'Undefined variable: RSNUM', 'C:\\xampp\\htdocs\\projectci4\\app\\Views\\form\\updateform.php', 28, [...])
 2 SYSTEMPATH\View\View.php(224): include('C:\\xampp\\htdocs\\projectci4\\app\\Views\\form\\updateform.php')
 3 SYSTEMPATH\View\View.php(227): CodeIgniter\View\View->CodeIgniter\View\{closure}()
 4 SYSTEMPATH\Common.php(1180): CodeIgniter\View\View->render('form/updateform', [], true)
 5 APPPATH\Controllers\Home.php(121): view('form/updateform', [...])
 6 SYSTEMPATH\CodeIgniter.php(932): App\Controllers\Home->viewupdate('6868')
 7 SYSTEMPATH\CodeIgniter.php(497): CodeIgniter\CodeIgniter->runController(Object(App\Controllers\Home))
 8 SYSTEMPATH\CodeIgniter.php(366): CodeIgniter\CodeIgniter->handleRequest(null, Object(Config\Cache), false)
 9 FCPATH\index.php(67): CodeIgniter\CodeIgniter->run()
10 SYSTEMPATH\Commands\Server\rewrite.php(47): require_once('C:\\xampp\\htdocs\\projectci4\\public\\index.php')
CRITICAL - 2023-08-29 03:18:04 --> Undefined variable: RSNUM
in APPPATH\Views\form\updateform.php on line 30.
 1 APPPATH\Views\form\updateform.php(30): CodeIgniter\Debug\Exceptions->errorHandler(8, 'Undefined variable: RSNUM', 'C:\\xampp\\htdocs\\projectci4\\app\\Views\\form\\updateform.php', 30, [...])
 2 SYSTEMPATH\View\View.php(224): include('C:\\xampp\\htdocs\\projectci4\\app\\Views\\form\\updateform.php')
 3 SYSTEMPATH\View\View.php(227): CodeIgniter\View\View->CodeIgniter\View\{closure}()
 4 SYSTEMPATH\Common.php(1180): CodeIgniter\View\View->render('form/updateform', [], true)
 5 APPPATH\Controllers\Home.php(121): view('form/updateform', [...])
 6 SYSTEMPATH\CodeIgniter.php(932): App\Controllers\Home->viewupdate('6868')
 7 SYSTEMPATH\CodeIgniter.php(497): CodeIgniter\CodeIgniter->runController(Object(App\Controllers\Home))
 8 SYSTEMPATH\CodeIgniter.php(366): CodeIgniter\CodeIgniter->handleRequest(null, Object(Config\Cache), false)
 9 FCPATH\index.php(67): CodeIgniter\CodeIgniter->run()
10 SYSTEMPATH\Commands\Server\rewrite.php(47): require_once('C:\\xampp\\htdocs\\projectci4\\public\\index.php')
CRITICAL - 2023-08-29 03:18:18 --> Undefined variable: MBLNR
in APPPATH\Views\form\updateform.php on line 30.
 1 APPPATH\Views\form\updateform.php(30): CodeIgniter\Debug\Exceptions->errorHandler(8, 'Undefined variable: MBLNR', 'C:\\xampp\\htdocs\\projectci4\\app\\Views\\form\\updateform.php', 30, [...])
 2 SYSTEMPATH\View\View.php(224): include('C:\\xampp\\htdocs\\projectci4\\app\\Views\\form\\updateform.php')
 3 SYSTEMPATH\View\View.php(227): CodeIgniter\View\View->CodeIgniter\View\{closure}()
 4 SYSTEMPATH\Common.php(1180): CodeIgniter\View\View->render('form/updateform', [], true)
 5 APPPATH\Controllers\Home.php(121): view('form/updateform', [...])
 6 SYSTEMPATH\CodeIgniter.php(932): App\Controllers\Home->viewupdate('6868')
 7 SYSTEMPATH\CodeIgniter.php(497): CodeIgniter\CodeIgniter->runController(Object(App\Controllers\Home))
 8 SYSTEMPATH\CodeIgniter.php(366): CodeIgniter\CodeIgniter->handleRequest(null, Object(Config\Cache), false)
 9 FCPATH\index.php(67): CodeIgniter\CodeIgniter->run()
10 SYSTEMPATH\Commands\Server\rewrite.php(47): require_once('C:\\xampp\\htdocs\\projectci4\\public\\index.php')
CRITICAL - 2023-08-29 03:18:27 --> Undefined variable: RSNUM
in APPPATH\Views\form\updateform.php on line 30.
 1 APPPATH\Views\form\updateform.php(30): CodeIgniter\Debug\Exceptions->errorHandler(8, 'Undefined variable: RSNUM', 'C:\\xampp\\htdocs\\projectci4\\app\\Views\\form\\updateform.php', 30, [...])
 2 SYSTEMPATH\View\View.php(224): include('C:\\xampp\\htdocs\\projectci4\\app\\Views\\form\\updateform.php')
 3 SYSTEMPATH\View\View.php(227): CodeIgniter\View\View->CodeIgniter\View\{closure}()
 4 SYSTEMPATH\Common.php(1180): CodeIgniter\View\View->render('form/updateform', [], true)
 5 APPPATH\Controllers\Home.php(121): view('form/updateform', [...])
 6 SYSTEMPATH\CodeIgniter.php(932): App\Controllers\Home->viewupdate('6868')
 7 SYSTEMPATH\CodeIgniter.php(497): CodeIgniter\CodeIgniter->runController(Object(App\Controllers\Home))
 8 SYSTEMPATH\CodeIgniter.php(366): CodeIgniter\CodeIgniter->handleRequest(null, Object(Config\Cache), false)
 9 FCPATH\index.php(67): CodeIgniter\CodeIgniter->run()
10 SYSTEMPATH\Commands\Server\rewrite.php(47): require_once('C:\\xampp\\htdocs\\projectci4\\public\\index.php')
