CRITICAL - 2023-08-08 01:54:58 --> Undefined variable: monitoringBPB
in APPPATH\Views\BPB\monbpb.php on line 45.
 1 APPPATH\Views\BPB\monbpb.php(45): CodeIgniter\Debug\Exceptions->errorHandler(8, 'Undefined variable: monitoringBPB', 'C:\\xampp\\htdocs\\projectci4\\app\\Views\\BPB\\monbpb.php', 45, [])
 2 SYSTEMPATH\View\View.php(224): include('C:\\xampp\\htdocs\\projectci4\\app\\Views\\BPB\\monbpb.php')
 3 SYSTEMPATH\View\View.php(227): CodeIgniter\View\View->CodeIgniter\View\{closure}()
 4 SYSTEMPATH\Common.php(1180): CodeIgniter\View\View->render('/BPB/monbpb', [], true)
 5 APPPATH\Controllers\Home.php(19): view('/BPB/monbpb')
 6 SYSTEMPATH\CodeIgniter.php(932): App\Controllers\Home->MonitoringBPB()
 7 SYSTEMPATH\CodeIgniter.php(497): CodeIgniter\CodeIgniter->runController(Object(App\Controllers\Home))
 8 SYSTEMPATH\CodeIgniter.php(366): CodeIgniter\CodeIgniter->handleRequest(null, Object(Config\Cache), false)
 9 FCPATH\index.php(67): CodeIgniter\CodeIgniter->run()
10 SYSTEMPATH\Commands\Server\rewrite.php(47): require_once('C:\\xampp\\htdocs\\projectci4\\public\\index.php')
CRITICAL - 2023-08-08 01:55:06 --> Undefined variable: monitoringBPB
in APPPATH\Views\BPB\monbpb.php on line 45.
 1 APPPATH\Views\BPB\monbpb.php(45): CodeIgniter\Debug\Exceptions->errorHandler(8, 'Undefined variable: monitoringBPB', 'C:\\xampp\\htdocs\\projectci4\\app\\Views\\BPB\\monbpb.php', 45, [])
 2 SYSTEMPATH\View\View.php(224): include('C:\\xampp\\htdocs\\projectci4\\app\\Views\\BPB\\monbpb.php')
 3 SYSTEMPATH\View\View.php(227): CodeIgniter\View\View->CodeIgniter\View\{closure}()
 4 SYSTEMPATH\Common.php(1180): CodeIgniter\View\View->render('/BPB/monbpb', [], true)
 5 APPPATH\Controllers\Home.php(19): view('/BPB/monbpb')
 6 SYSTEMPATH\CodeIgniter.php(932): App\Controllers\Home->MonitoringBPB()
 7 SYSTEMPATH\CodeIgniter.php(497): CodeIgniter\CodeIgniter->runController(Object(App\Controllers\Home))
 8 SYSTEMPATH\CodeIgniter.php(366): CodeIgniter\CodeIgniter->handleRequest(null, Object(Config\Cache), false)
 9 FCPATH\index.php(67): CodeIgniter\CodeIgniter->run()
10 SYSTEMPATH\Commands\Server\rewrite.php(47): require_once('C:\\xampp\\htdocs\\projectci4\\public\\index.php')
CRITICAL - 2023-08-08 02:59:27 --> Undefined variable: monitoringBPB
in APPPATH\Views\BPB\monbpb.php on line 45.
 1 APPPATH\Views\BPB\monbpb.php(45): CodeIgniter\Debug\Exceptions->errorHandler(8, 'Undefined variable: monitoringBPB', 'C:\\xampp\\htdocs\\projectci4\\app\\Views\\BPB\\monbpb.php', 45, [])
 2 SYSTEMPATH\View\View.php(224): include('C:\\xampp\\htdocs\\projectci4\\app\\Views\\BPB\\monbpb.php')
 3 SYSTEMPATH\View\View.php(227): CodeIgniter\View\View->CodeIgniter\View\{closure}()
 4 SYSTEMPATH\Common.php(1180): CodeIgniter\View\View->render('/BPB/monbpb', [], true)
 5 APPPATH\Controllers\Home.php(19): view('/BPB/monbpb')
 6 SYSTEMPATH\CodeIgniter.php(932): App\Controllers\Home->MonitoringBPB()
 7 SYSTEMPATH\CodeIgniter.php(497): CodeIgniter\CodeIgniter->runController(Object(App\Controllers\Home))
 8 SYSTEMPATH\CodeIgniter.php(366): CodeIgniter\CodeIgniter->handleRequest(null, Object(Config\Cache), false)
 9 FCPATH\index.php(67): CodeIgniter\CodeIgniter->run()
10 SYSTEMPATH\Commands\Server\rewrite.php(47): require_once('C:\\xampp\\htdocs\\projectci4\\public\\index.php')
ERROR - 2023-08-08 03:10:14 --> Error connecting to the database: mysqli_sql_exception: Access denied for user ''@'localhost' (using password: YES) in C:\xampp\htdocs\projectci4\system\Database\MySQLi\Connection.php:174
Stack trace:
#0 C:\xampp\htdocs\projectci4\system\Database\MySQLi\Connection.php(174): mysqli->real_connect('localhost', '', '', '', 3306, '', 0)
#1 C:\xampp\htdocs\projectci4\system\Database\BaseConnection.php(391): CodeIgniter\Database\MySQLi\Connection->connect(false)
#2 C:\xampp\htdocs\projectci4\system\Database\BaseConnection.php(574): CodeIgniter\Database\BaseConnection->initialize()
#3 C:\xampp\htdocs\projectci4\system\Database\BaseBuilder.php(1616): CodeIgniter\Database\BaseConnection->query('SELECT *\nFROM `...', Array, false)
#4 C:\xampp\htdocs\projectci4\system\Model.php(241): CodeIgniter\Database\BaseBuilder->get()
#5 C:\xampp\htdocs\projectci4\system\BaseModel.php(618): CodeIgniter\Model->doFindAll(0, 0)
#6 C:\xampp\htdocs\projectci4\app\Controllers\Home.php(16): CodeIgniter\BaseModel->findAll()
#7 C:\xampp\htdocs\projectci4\system\CodeIgniter.php(932): App\Controllers\Home->MonitoringBPB()
#8 C:\xampp\htdocs\projectci4\system\CodeIgniter.php(497): CodeIgniter\CodeIgniter->runController(Object(App\Controllers\Home))
#9 C:\xampp\htdocs\projectci4\system\CodeIgniter.php(366): CodeIgniter\CodeIgniter->handleRequest(NULL, Object(Config\Cache), false)
#10 C:\xampp\htdocs\projectci4\public\index.php(67): CodeIgniter\CodeIgniter->run()
#11 C:\xampp\htdocs\projectci4\system\Commands\Server\rewrite.php(47): require_once('C:\\xampp\\htdocs...')
#12 {main}

Next CodeIgniter\Database\Exceptions\DatabaseException: Access denied for user ''@'localhost' (using password: YES) in C:\xampp\htdocs\projectci4\system\Database\MySQLi\Connection.php:218
Stack trace:
#0 C:\xampp\htdocs\projectci4\system\Database\BaseConnection.php(391): CodeIgniter\Database\MySQLi\Connection->connect(false)
#1 C:\xampp\htdocs\projectci4\system\Database\BaseConnection.php(574): CodeIgniter\Database\BaseConnection->initialize()
#2 C:\xampp\htdocs\projectci4\system\Database\BaseBuilder.php(1616): CodeIgniter\Database\BaseConnection->query('SELECT *\nFROM `...', Array, false)
#3 C:\xampp\htdocs\projectci4\system\Model.php(241): CodeIgniter\Database\BaseBuilder->get()
#4 C:\xampp\htdocs\projectci4\system\BaseModel.php(618): CodeIgniter\Model->doFindAll(0, 0)
#5 C:\xampp\htdocs\projectci4\app\Controllers\Home.php(16): CodeIgniter\BaseModel->findAll()
#6 C:\xampp\htdocs\projectci4\system\CodeIgniter.php(932): App\Controllers\Home->MonitoringBPB()
#7 C:\xampp\htdocs\projectci4\system\CodeIgniter.php(497): CodeIgniter\CodeIgniter->runController(Object(App\Controllers\Home))
#8 C:\xampp\htdocs\projectci4\system\CodeIgniter.php(366): CodeIgniter\CodeIgniter->handleRequest(NULL, Object(Config\Cache), false)
#9 C:\xampp\htdocs\projectci4\public\index.php(67): CodeIgniter\CodeIgniter->run()
#10 C:\xampp\htdocs\projectci4\system\Commands\Server\rewrite.php(47): require_once('C:\\xampp\\htdocs...')
#11 {main}
CRITICAL - 2023-08-08 03:10:14 --> Unable to connect to the database.
Main connection [MySQLi]: Access denied for user ''@'localhost' (using password: YES)
in SYSTEMPATH\Database\BaseConnection.php on line 427.
 1 SYSTEMPATH\Database\BaseConnection.php(574): CodeIgniter\Database\BaseConnection->initialize()
 2 SYSTEMPATH\Database\BaseBuilder.php(1616): CodeIgniter\Database\BaseConnection->query('SELECT *
FROM `MM_LIST_BPB`', [], false)
 3 SYSTEMPATH\Model.php(241): CodeIgniter\Database\BaseBuilder->get()
 4 SYSTEMPATH\BaseModel.php(618): CodeIgniter\Model->doFindAll(0, 0)
 5 APPPATH\Controllers\Home.php(16): CodeIgniter\BaseModel->findAll()
 6 SYSTEMPATH\CodeIgniter.php(932): App\Controllers\Home->MonitoringBPB()
 7 SYSTEMPATH\CodeIgniter.php(497): CodeIgniter\CodeIgniter->runController(Object(App\Controllers\Home))
 8 SYSTEMPATH\CodeIgniter.php(366): CodeIgniter\CodeIgniter->handleRequest(null, Object(Config\Cache), false)
 9 FCPATH\index.php(67): CodeIgniter\CodeIgniter->run()
10 SYSTEMPATH\Commands\Server\rewrite.php(47): require_once('C:\\xampp\\htdocs\\projectci4\\public\\index.php')
ERROR - 2023-08-08 03:10:17 --> Error connecting to the database: mysqli_sql_exception: Access denied for user ''@'localhost' (using password: YES) in C:\xampp\htdocs\projectci4\system\Database\MySQLi\Connection.php:174
Stack trace:
#0 C:\xampp\htdocs\projectci4\system\Database\MySQLi\Connection.php(174): mysqli->real_connect('localhost', '', '', '', 3306, '', 0)
#1 C:\xampp\htdocs\projectci4\system\Database\BaseConnection.php(391): CodeIgniter\Database\MySQLi\Connection->connect(false)
#2 C:\xampp\htdocs\projectci4\system\Database\BaseConnection.php(574): CodeIgniter\Database\BaseConnection->initialize()
#3 C:\xampp\htdocs\projectci4\system\Database\BaseBuilder.php(1616): CodeIgniter\Database\BaseConnection->query('SELECT *\nFROM `...', Array, false)
#4 C:\xampp\htdocs\projectci4\system\Model.php(241): CodeIgniter\Database\BaseBuilder->get()
#5 C:\xampp\htdocs\projectci4\system\BaseModel.php(618): CodeIgniter\Model->doFindAll(0, 0)
#6 C:\xampp\htdocs\projectci4\app\Controllers\Home.php(16): CodeIgniter\BaseModel->findAll()
#7 C:\xampp\htdocs\projectci4\system\CodeIgniter.php(932): App\Controllers\Home->MonitoringBPB()
#8 C:\xampp\htdocs\projectci4\system\CodeIgniter.php(497): CodeIgniter\CodeIgniter->runController(Object(App\Controllers\Home))
#9 C:\xampp\htdocs\projectci4\system\CodeIgniter.php(366): CodeIgniter\CodeIgniter->handleRequest(NULL, Object(Config\Cache), false)
#10 C:\xampp\htdocs\projectci4\public\index.php(67): CodeIgniter\CodeIgniter->run()
#11 C:\xampp\htdocs\projectci4\system\Commands\Server\rewrite.php(47): require_once('C:\\xampp\\htdocs...')
#12 {main}

Next CodeIgniter\Database\Exceptions\DatabaseException: Access denied for user ''@'localhost' (using password: YES) in C:\xampp\htdocs\projectci4\system\Database\MySQLi\Connection.php:218
Stack trace:
#0 C:\xampp\htdocs\projectci4\system\Database\BaseConnection.php(391): CodeIgniter\Database\MySQLi\Connection->connect(false)
#1 C:\xampp\htdocs\projectci4\system\Database\BaseConnection.php(574): CodeIgniter\Database\BaseConnection->initialize()
#2 C:\xampp\htdocs\projectci4\system\Database\BaseBuilder.php(1616): CodeIgniter\Database\BaseConnection->query('SELECT *\nFROM `...', Array, false)
#3 C:\xampp\htdocs\projectci4\system\Model.php(241): CodeIgniter\Database\BaseBuilder->get()
#4 C:\xampp\htdocs\projectci4\system\BaseModel.php(618): CodeIgniter\Model->doFindAll(0, 0)
#5 C:\xampp\htdocs\projectci4\app\Controllers\Home.php(16): CodeIgniter\BaseModel->findAll()
#6 C:\xampp\htdocs\projectci4\system\CodeIgniter.php(932): App\Controllers\Home->MonitoringBPB()
#7 C:\xampp\htdocs\projectci4\system\CodeIgniter.php(497): CodeIgniter\CodeIgniter->runController(Object(App\Controllers\Home))
#8 C:\xampp\htdocs\projectci4\system\CodeIgniter.php(366): CodeIgniter\CodeIgniter->handleRequest(NULL, Object(Config\Cache), false)
#9 C:\xampp\htdocs\projectci4\public\index.php(67): CodeIgniter\CodeIgniter->run()
#10 C:\xampp\htdocs\projectci4\system\Commands\Server\rewrite.php(47): require_once('C:\\xampp\\htdocs...')
#11 {main}
CRITICAL - 2023-08-08 03:10:17 --> Unable to connect to the database.
Main connection [MySQLi]: Access denied for user ''@'localhost' (using password: YES)
in SYSTEMPATH\Database\BaseConnection.php on line 427.
 1 SYSTEMPATH\Database\BaseConnection.php(574): CodeIgniter\Database\BaseConnection->initialize()
 2 SYSTEMPATH\Database\BaseBuilder.php(1616): CodeIgniter\Database\BaseConnection->query('SELECT *
FROM `MM_LIST_BPB`', [], false)
 3 SYSTEMPATH\Model.php(241): CodeIgniter\Database\BaseBuilder->get()
 4 SYSTEMPATH\BaseModel.php(618): CodeIgniter\Model->doFindAll(0, 0)
 5 APPPATH\Controllers\Home.php(16): CodeIgniter\BaseModel->findAll()
 6 SYSTEMPATH\CodeIgniter.php(932): App\Controllers\Home->MonitoringBPB()
 7 SYSTEMPATH\CodeIgniter.php(497): CodeIgniter\CodeIgniter->runController(Object(App\Controllers\Home))
 8 SYSTEMPATH\CodeIgniter.php(366): CodeIgniter\CodeIgniter->handleRequest(null, Object(Config\Cache), false)
 9 FCPATH\index.php(67): CodeIgniter\CodeIgniter->run()
10 SYSTEMPATH\Commands\Server\rewrite.php(47): require_once('C:\\xampp\\htdocs\\projectci4\\public\\index.php')
CRITICAL - 2023-08-08 03:21:00 --> Undefined variable: monitoringBPB
in APPPATH\Views\BPB\monbpb.php on line 45.
 1 APPPATH\Views\BPB\monbpb.php(45): CodeIgniter\Debug\Exceptions->errorHandler(8, 'Undefined variable: monitoringBPB', 'C:\\xampp\\htdocs\\projectci4\\app\\Views\\BPB\\monbpb.php', 45, [...])
 2 SYSTEMPATH\View\View.php(224): include('C:\\xampp\\htdocs\\projectci4\\app\\Views\\BPB\\monbpb.php')
 3 SYSTEMPATH\View\View.php(227): CodeIgniter\View\View->CodeIgniter\View\{closure}()
 4 SYSTEMPATH\Common.php(1180): CodeIgniter\View\View->render('/BPB/monbpb', [], true)
 5 APPPATH\Controllers\Home.php(18): view('/BPB/monbpb', [...])
 6 SYSTEMPATH\CodeIgniter.php(932): App\Controllers\Home->MonitoringBPB()
 7 SYSTEMPATH\CodeIgniter.php(497): CodeIgniter\CodeIgniter->runController(Object(App\Controllers\Home))
 8 SYSTEMPATH\CodeIgniter.php(366): CodeIgniter\CodeIgniter->handleRequest(null, Object(Config\Cache), false)
 9 FCPATH\index.php(67): CodeIgniter\CodeIgniter->run()
10 SYSTEMPATH\Commands\Server\rewrite.php(47): require_once('C:\\xampp\\htdocs\\projectci4\\public\\index.php')
