CRITICAL - 2023-08-11 02:59:21 --> Undefined variable: pager
in APPPATH\Views\BPB\monbpb.php on line 65.
 1 APPPATH\Views\BPB\monbpb.php(65): CodeIgniter\Debug\Exceptions->errorHandler(8, 'Undefined variable: pager', 'C:\\xampp\\htdocs\\projectci4\\app\\Views\\BPB\\monbpb.php', 65, [...])
 2 SYSTEMPATH\View\View.php(224): include('C:\\xampp\\htdocs\\projectci4\\app\\Views\\BPB\\monbpb.php')
 3 SYSTEMPATH\View\View.php(227): CodeIgniter\View\View->CodeIgniter\View\{closure}()
 4 SYSTEMPATH\Common.php(1180): CodeIgniter\View\View->render('/BPB/monbpb', [], true)
 5 APPPATH\Controllers\Home.php(21): view('/BPB/monbpb', [...])
 6 SYSTEMPATH\CodeIgniter.php(932): App\Controllers\Home->MonitoringBPB()
 7 SYSTEMPATH\CodeIgniter.php(497): CodeIgniter\CodeIgniter->runController(Object(App\Controllers\Home))
 8 SYSTEMPATH\CodeIgniter.php(366): CodeIgniter\CodeIgniter->handleRequest(null, Object(Config\Cache), false)
 9 FCPATH\index.php(67): CodeIgniter\CodeIgniter->run()
10 SYSTEMPATH\Commands\Server\rewrite.php(47): require_once('C:\\xampp\\htdocs\\projectci4\\public\\index.php')
CRITICAL - 2023-08-11 02:59:52 --> Undefined variable: perPage
in APPPATH\Views\BPB\monbpb.php on line 65.
 1 APPPATH\Views\BPB\monbpb.php(65): CodeIgniter\Debug\Exceptions->errorHandler(8, 'Undefined variable: perPage', 'C:\\xampp\\htdocs\\projectci4\\app\\Views\\BPB\\monbpb.php', 65, [...])
 2 SYSTEMPATH\View\View.php(224): include('C:\\xampp\\htdocs\\projectci4\\app\\Views\\BPB\\monbpb.php')
 3 SYSTEMPATH\View\View.php(227): CodeIgniter\View\View->CodeIgniter\View\{closure}()
 4 SYSTEMPATH\Common.php(1180): CodeIgniter\View\View->render('/BPB/monbpb', [], true)
 5 APPPATH\Controllers\Home.php(21): view('/BPB/monbpb', [...])
 6 SYSTEMPATH\CodeIgniter.php(932): App\Controllers\Home->MonitoringBPB()
 7 SYSTEMPATH\CodeIgniter.php(497): CodeIgniter\CodeIgniter->runController(Object(App\Controllers\Home))
 8 SYSTEMPATH\CodeIgniter.php(366): CodeIgniter\CodeIgniter->handleRequest(null, Object(Config\Cache), false)
 9 FCPATH\index.php(67): CodeIgniter\CodeIgniter->run()
10 SYSTEMPATH\Commands\Server\rewrite.php(47): require_once('C:\\xampp\\htdocs\\projectci4\\public\\index.php')
CRITICAL - 2023-08-11 02:59:53 --> Undefined variable: perPage
in APPPATH\Views\BPB\monbpb.php on line 65.
 1 APPPATH\Views\BPB\monbpb.php(65): CodeIgniter\Debug\Exceptions->errorHandler(8, 'Undefined variable: perPage', 'C:\\xampp\\htdocs\\projectci4\\app\\Views\\BPB\\monbpb.php', 65, [...])
 2 SYSTEMPATH\View\View.php(224): include('C:\\xampp\\htdocs\\projectci4\\app\\Views\\BPB\\monbpb.php')
 3 SYSTEMPATH\View\View.php(227): CodeIgniter\View\View->CodeIgniter\View\{closure}()
 4 SYSTEMPATH\Common.php(1180): CodeIgniter\View\View->render('/BPB/monbpb', [], true)
 5 APPPATH\Controllers\Home.php(21): view('/BPB/monbpb', [...])
 6 SYSTEMPATH\CodeIgniter.php(932): App\Controllers\Home->MonitoringBPB()
 7 SYSTEMPATH\CodeIgniter.php(497): CodeIgniter\CodeIgniter->runController(Object(App\Controllers\Home))
 8 SYSTEMPATH\CodeIgniter.php(366): CodeIgniter\CodeIgniter->handleRequest(null, Object(Config\Cache), false)
 9 FCPATH\index.php(67): CodeIgniter\CodeIgniter->run()
10 SYSTEMPATH\Commands\Server\rewrite.php(47): require_once('C:\\xampp\\htdocs\\projectci4\\public\\index.php')
CRITICAL - 2023-08-11 03:00:56 --> Undefined variable: perPage
in APPPATH\Views\BPB\monbpb.php on line 65.
 1 APPPATH\Views\BPB\monbpb.php(65): CodeIgniter\Debug\Exceptions->errorHandler(8, 'Undefined variable: perPage', 'C:\\xampp\\htdocs\\projectci4\\app\\Views\\BPB\\monbpb.php', 65, [...])
 2 SYSTEMPATH\View\View.php(224): include('C:\\xampp\\htdocs\\projectci4\\app\\Views\\BPB\\monbpb.php')
 3 SYSTEMPATH\View\View.php(227): CodeIgniter\View\View->CodeIgniter\View\{closure}()
 4 SYSTEMPATH\Common.php(1180): CodeIgniter\View\View->render('/BPB/monbpb', [], true)
 5 APPPATH\Controllers\Home.php(22): view('/BPB/monbpb', [...])
 6 SYSTEMPATH\CodeIgniter.php(932): App\Controllers\Home->MonitoringBPB()
 7 SYSTEMPATH\CodeIgniter.php(497): CodeIgniter\CodeIgniter->runController(Object(App\Controllers\Home))
 8 SYSTEMPATH\CodeIgniter.php(366): CodeIgniter\CodeIgniter->handleRequest(null, Object(Config\Cache), false)
 9 FCPATH\index.php(67): CodeIgniter\CodeIgniter->run()
10 SYSTEMPATH\Commands\Server\rewrite.php(47): require_once('C:\\xampp\\htdocs\\projectci4\\public\\index.php')
CRITICAL - 2023-08-11 03:00:57 --> Undefined variable: perPage
in APPPATH\Views\BPB\monbpb.php on line 65.
 1 APPPATH\Views\BPB\monbpb.php(65): CodeIgniter\Debug\Exceptions->errorHandler(8, 'Undefined variable: perPage', 'C:\\xampp\\htdocs\\projectci4\\app\\Views\\BPB\\monbpb.php', 65, [...])
 2 SYSTEMPATH\View\View.php(224): include('C:\\xampp\\htdocs\\projectci4\\app\\Views\\BPB\\monbpb.php')
 3 SYSTEMPATH\View\View.php(227): CodeIgniter\View\View->CodeIgniter\View\{closure}()
 4 SYSTEMPATH\Common.php(1180): CodeIgniter\View\View->render('/BPB/monbpb', [], true)
 5 APPPATH\Controllers\Home.php(22): view('/BPB/monbpb', [...])
 6 SYSTEMPATH\CodeIgniter.php(932): App\Controllers\Home->MonitoringBPB()
 7 SYSTEMPATH\CodeIgniter.php(497): CodeIgniter\CodeIgniter->runController(Object(App\Controllers\Home))
 8 SYSTEMPATH\CodeIgniter.php(366): CodeIgniter\CodeIgniter->handleRequest(null, Object(Config\Cache), false)
 9 FCPATH\index.php(67): CodeIgniter\CodeIgniter->run()
10 SYSTEMPATH\Commands\Server\rewrite.php(47): require_once('C:\\xampp\\htdocs\\projectci4\\public\\index.php')
CRITICAL - 2023-08-11 03:02:46 --> Undefined variable: pager
in APPPATH\Views\BPB\monbpb.php on line 67.
 1 APPPATH\Views\BPB\monbpb.php(67): CodeIgniter\Debug\Exceptions->errorHandler(8, 'Undefined variable: pager', 'C:\\xampp\\htdocs\\projectci4\\app\\Views\\BPB\\monbpb.php', 67, [...])
 2 SYSTEMPATH\View\View.php(224): include('C:\\xampp\\htdocs\\projectci4\\app\\Views\\BPB\\monbpb.php')
 3 SYSTEMPATH\View\View.php(227): CodeIgniter\View\View->CodeIgniter\View\{closure}()
 4 SYSTEMPATH\Common.php(1180): CodeIgniter\View\View->render('/BPB/monbpb', [], true)
 5 APPPATH\Controllers\Home.php(22): view('/BPB/monbpb', [...])
 6 SYSTEMPATH\CodeIgniter.php(932): App\Controllers\Home->MonitoringBPB()
 7 SYSTEMPATH\CodeIgniter.php(497): CodeIgniter\CodeIgniter->runController(Object(App\Controllers\Home))
 8 SYSTEMPATH\CodeIgniter.php(366): CodeIgniter\CodeIgniter->handleRequest(null, Object(Config\Cache), false)
 9 FCPATH\index.php(67): CodeIgniter\CodeIgniter->run()
10 SYSTEMPATH\Commands\Server\rewrite.php(47): require_once('C:\\xampp\\htdocs\\projectci4\\public\\index.php')
CRITICAL - 2023-08-11 03:13:07 --> Call to undefined method CodeIgniter\Pager\Pager::hasPrevious()
in APPPATH\Views\BPB\monbpb.php on line 66.
 1 SYSTEMPATH\View\View.php(224): include()
 2 SYSTEMPATH\View\View.php(227): CodeIgniter\View\View->CodeIgniter\View\{closure}()
 3 SYSTEMPATH\Common.php(1180): CodeIgniter\View\View->render('/BPB/monbpb', [], true)
 4 APPPATH\Controllers\Home.php(22): view('/BPB/monbpb', [...])
 5 SYSTEMPATH\CodeIgniter.php(932): App\Controllers\Home->MonitoringBPB()
 6 SYSTEMPATH\CodeIgniter.php(497): CodeIgniter\CodeIgniter->runController(Object(App\Controllers\Home))
 7 SYSTEMPATH\CodeIgniter.php(366): CodeIgniter\CodeIgniter->handleRequest(null, Object(Config\Cache), false)
 8 FCPATH\index.php(67): CodeIgniter\CodeIgniter->run()
 9 SYSTEMPATH\Commands\Server\rewrite.php(47): require_once('C:\\xampp\\htdocs\\projectci4\\public\\index.php')
CRITICAL - 2023-08-11 03:14:39 --> "bs_pagination" is not a valid Pager template.
in SYSTEMPATH\Pager\Pager.php on line 120.
 1 SYSTEMPATH\Pager\Pager.php(120): CodeIgniter\Pager\Exceptions\PagerException::forInvalidTemplate('bs_pagination')
 2 SYSTEMPATH\Pager\Pager.php(83): CodeIgniter\Pager\Pager->displayLinks('group1', 'bs_pagination')
 3 APPPATH\Views\BPB\monbpb.php(68): CodeIgniter\Pager\Pager->links('group1', 'bs_pagination')
 4 SYSTEMPATH\View\View.php(224): include('C:\\xampp\\htdocs\\projectci4\\app\\Views\\BPB\\monbpb.php')
 5 SYSTEMPATH\View\View.php(227): CodeIgniter\View\View->CodeIgniter\View\{closure}()
 6 SYSTEMPATH\Common.php(1180): CodeIgniter\View\View->render('/BPB/monbpb', [], true)
 7 APPPATH\Controllers\Home.php(22): view('/BPB/monbpb', [...])
 8 SYSTEMPATH\CodeIgniter.php(932): App\Controllers\Home->MonitoringBPB()
 9 SYSTEMPATH\CodeIgniter.php(497): CodeIgniter\CodeIgniter->runController(Object(App\Controllers\Home))
10 SYSTEMPATH\CodeIgniter.php(366): CodeIgniter\CodeIgniter->handleRequest(null, Object(Config\Cache), false)
11 FCPATH\index.php(67): CodeIgniter\CodeIgniter->run()
12 SYSTEMPATH\Commands\Server\rewrite.php(47): require_once('C:\\xampp\\htdocs\\projectci4\\public\\index.php')
CRITICAL - 2023-08-11 03:15:16 --> "next" is not a valid Pager template.
in SYSTEMPATH\Pager\Pager.php on line 120.
 1 SYSTEMPATH\Pager\Pager.php(120): CodeIgniter\Pager\Exceptions\PagerException::forInvalidTemplate('next')
 2 SYSTEMPATH\Pager\Pager.php(83): CodeIgniter\Pager\Pager->displayLinks('prev', 'next')
 3 APPPATH\Views\BPB\monbpb.php(68): CodeIgniter\Pager\Pager->links('prev', 'next')
 4 SYSTEMPATH\View\View.php(224): include('C:\\xampp\\htdocs\\projectci4\\app\\Views\\BPB\\monbpb.php')
 5 SYSTEMPATH\View\View.php(227): CodeIgniter\View\View->CodeIgniter\View\{closure}()
 6 SYSTEMPATH\Common.php(1180): CodeIgniter\View\View->render('/BPB/monbpb', [], true)
 7 APPPATH\Controllers\Home.php(22): view('/BPB/monbpb', [...])
 8 SYSTEMPATH\CodeIgniter.php(932): App\Controllers\Home->MonitoringBPB()
 9 SYSTEMPATH\CodeIgniter.php(497): CodeIgniter\CodeIgniter->runController(Object(App\Controllers\Home))
10 SYSTEMPATH\CodeIgniter.php(366): CodeIgniter\CodeIgniter->handleRequest(null, Object(Config\Cache), false)
11 FCPATH\index.php(67): CodeIgniter\CodeIgniter->run()
12 SYSTEMPATH\Commands\Server\rewrite.php(47): require_once('C:\\xampp\\htdocs\\projectci4\\public\\index.php')
CRITICAL - 2023-08-11 03:15:17 --> "next" is not a valid Pager template.
in SYSTEMPATH\Pager\Pager.php on line 120.
 1 SYSTEMPATH\Pager\Pager.php(120): CodeIgniter\Pager\Exceptions\PagerException::forInvalidTemplate('next')
 2 SYSTEMPATH\Pager\Pager.php(83): CodeIgniter\Pager\Pager->displayLinks('prev', 'next')
 3 APPPATH\Views\BPB\monbpb.php(68): CodeIgniter\Pager\Pager->links('prev', 'next')
 4 SYSTEMPATH\View\View.php(224): include('C:\\xampp\\htdocs\\projectci4\\app\\Views\\BPB\\monbpb.php')
 5 SYSTEMPATH\View\View.php(227): CodeIgniter\View\View->CodeIgniter\View\{closure}()
 6 SYSTEMPATH\Common.php(1180): CodeIgniter\View\View->render('/BPB/monbpb', [], true)
 7 APPPATH\Controllers\Home.php(22): view('/BPB/monbpb', [...])
 8 SYSTEMPATH\CodeIgniter.php(932): App\Controllers\Home->MonitoringBPB()
 9 SYSTEMPATH\CodeIgniter.php(497): CodeIgniter\CodeIgniter->runController(Object(App\Controllers\Home))
10 SYSTEMPATH\CodeIgniter.php(366): CodeIgniter\CodeIgniter->handleRequest(null, Object(Config\Cache), false)
11 FCPATH\index.php(67): CodeIgniter\CodeIgniter->run()
12 SYSTEMPATH\Commands\Server\rewrite.php(47): require_once('C:\\xampp\\htdocs\\projectci4\\public\\index.php')
CRITICAL - 2023-08-11 03:15:52 --> "next" is not a valid Pager template.
in SYSTEMPATH\Pager\Pager.php on line 120.
 1 SYSTEMPATH\Pager\Pager.php(120): CodeIgniter\Pager\Exceptions\PagerException::forInvalidTemplate('next')
 2 SYSTEMPATH\Pager\Pager.php(83): CodeIgniter\Pager\Pager->displayLinks('prev', 'next')
 3 APPPATH\Views\BPB\monbpb.php(68): CodeIgniter\Pager\Pager->links('prev', 'next')
 4 SYSTEMPATH\View\View.php(224): include('C:\\xampp\\htdocs\\projectci4\\app\\Views\\BPB\\monbpb.php')
 5 SYSTEMPATH\View\View.php(227): CodeIgniter\View\View->CodeIgniter\View\{closure}()
 6 SYSTEMPATH\Common.php(1180): CodeIgniter\View\View->render('/BPB/monbpb', [], true)
 7 APPPATH\Controllers\Home.php(22): view('/BPB/monbpb', [...])
 8 SYSTEMPATH\CodeIgniter.php(932): App\Controllers\Home->MonitoringBPB()
 9 SYSTEMPATH\CodeIgniter.php(497): CodeIgniter\CodeIgniter->runController(Object(App\Controllers\Home))
10 SYSTEMPATH\CodeIgniter.php(366): CodeIgniter\CodeIgniter->handleRequest(null, Object(Config\Cache), false)
11 FCPATH\index.php(67): CodeIgniter\CodeIgniter->run()
12 SYSTEMPATH\Commands\Server\rewrite.php(47): require_once('C:\\xampp\\htdocs\\projectci4\\public\\index.php')
CRITICAL - 2023-08-11 03:15:54 --> "next" is not a valid Pager template.
in SYSTEMPATH\Pager\Pager.php on line 120.
 1 SYSTEMPATH\Pager\Pager.php(120): CodeIgniter\Pager\Exceptions\PagerException::forInvalidTemplate('next')
 2 SYSTEMPATH\Pager\Pager.php(83): CodeIgniter\Pager\Pager->displayLinks('prev', 'next')
 3 APPPATH\Views\BPB\monbpb.php(68): CodeIgniter\Pager\Pager->links('prev', 'next')
 4 SYSTEMPATH\View\View.php(224): include('C:\\xampp\\htdocs\\projectci4\\app\\Views\\BPB\\monbpb.php')
 5 SYSTEMPATH\View\View.php(227): CodeIgniter\View\View->CodeIgniter\View\{closure}()
 6 SYSTEMPATH\Common.php(1180): CodeIgniter\View\View->render('/BPB/monbpb', [], true)
 7 APPPATH\Controllers\Home.php(22): view('/BPB/monbpb', [...])
 8 SYSTEMPATH\CodeIgniter.php(932): App\Controllers\Home->MonitoringBPB()
 9 SYSTEMPATH\CodeIgniter.php(497): CodeIgniter\CodeIgniter->runController(Object(App\Controllers\Home))
10 SYSTEMPATH\CodeIgniter.php(366): CodeIgniter\CodeIgniter->handleRequest(null, Object(Config\Cache), false)
11 FCPATH\index.php(67): CodeIgniter\CodeIgniter->run()
12 SYSTEMPATH\Commands\Server\rewrite.php(47): require_once('C:\\xampp\\htdocs\\projectci4\\public\\index.php')
