CRITICAL - 2023-08-16 01:51:00 --> Undefined index: KDRJK
in APPPATH\Views\form\formbpb.php on line 308.
 1 APPPATH\Views\form\formbpb.php(308): CodeIgniter\Debug\Exceptions->errorHandler(8, 'Undefined index: KDRJK', 'C:\\xampp\\htdocs\\projectci4\\app\\Views\\form\\formbpb.php', 308, [...])
 2 SYSTEMPATH\View\View.php(224): include('C:\\xampp\\htdocs\\projectci4\\app\\Views\\form\\formbpb.php')
 3 SYSTEMPATH\View\View.php(227): CodeIgniter\View\View->CodeIgniter\View\{closure}()
 4 SYSTEMPATH\Common.php(1180): CodeIgniter\View\View->render('/form/formbpb', [], true)
 5 APPPATH\Controllers\Home.php(37): view('/form/formbpb', [...])
 6 SYSTEMPATH\CodeIgniter.php(932): App\Controllers\Home->FormBPB()
 7 SYSTEMPATH\CodeIgniter.php(497): CodeIgniter\CodeIgniter->runController(Object(App\Controllers\Home))
 8 SYSTEMPATH\CodeIgniter.php(366): CodeIgniter\CodeIgniter->handleRequest(null, Object(Config\Cache), false)
 9 FCPATH\index.php(67): CodeIgniter\CodeIgniter->run()
10 SYSTEMPATH\Commands\Server\rewrite.php(47): require_once('C:\\xampp\\htdocs\\projectci4\\public\\index.php')
CRITICAL - 2023-08-16 01:51:22 --> Undefined index: KDKRJ
in APPPATH\Views\form\formbpb.php on line 308.
 1 APPPATH\Views\form\formbpb.php(308): CodeIgniter\Debug\Exceptions->errorHandler(8, 'Undefined index: KDKRJ', 'C:\\xampp\\htdocs\\projectci4\\app\\Views\\form\\formbpb.php', 308, [...])
 2 SYSTEMPATH\View\View.php(224): include('C:\\xampp\\htdocs\\projectci4\\app\\Views\\form\\formbpb.php')
 3 SYSTEMPATH\View\View.php(227): CodeIgniter\View\View->CodeIgniter\View\{closure}()
 4 SYSTEMPATH\Common.php(1180): CodeIgniter\View\View->render('/form/formbpb', [], true)
 5 APPPATH\Controllers\Home.php(37): view('/form/formbpb', [...])
 6 SYSTEMPATH\CodeIgniter.php(932): App\Controllers\Home->FormBPB()
 7 SYSTEMPATH\CodeIgniter.php(497): CodeIgniter\CodeIgniter->runController(Object(App\Controllers\Home))
 8 SYSTEMPATH\CodeIgniter.php(366): CodeIgniter\CodeIgniter->handleRequest(null, Object(Config\Cache), false)
 9 FCPATH\index.php(67): CodeIgniter\CodeIgniter->run()
10 SYSTEMPATH\Commands\Server\rewrite.php(47): require_once('C:\\xampp\\htdocs\\projectci4\\public\\index.php')
CRITICAL - 2023-08-16 01:51:24 --> Undefined index: KDKRJ
in APPPATH\Views\form\formbpb.php on line 308.
 1 APPPATH\Views\form\formbpb.php(308): CodeIgniter\Debug\Exceptions->errorHandler(8, 'Undefined index: KDKRJ', 'C:\\xampp\\htdocs\\projectci4\\app\\Views\\form\\formbpb.php', 308, [...])
 2 SYSTEMPATH\View\View.php(224): include('C:\\xampp\\htdocs\\projectci4\\app\\Views\\form\\formbpb.php')
 3 SYSTEMPATH\View\View.php(227): CodeIgniter\View\View->CodeIgniter\View\{closure}()
 4 SYSTEMPATH\Common.php(1180): CodeIgniter\View\View->render('/form/formbpb', [], true)
 5 APPPATH\Controllers\Home.php(37): view('/form/formbpb', [...])
 6 SYSTEMPATH\CodeIgniter.php(932): App\Controllers\Home->FormBPB()
 7 SYSTEMPATH\CodeIgniter.php(497): CodeIgniter\CodeIgniter->runController(Object(App\Controllers\Home))
 8 SYSTEMPATH\CodeIgniter.php(366): CodeIgniter\CodeIgniter->handleRequest(null, Object(Config\Cache), false)
 9 FCPATH\index.php(67): CodeIgniter\CodeIgniter->run()
10 SYSTEMPATH\Commands\Server\rewrite.php(47): require_once('C:\\xampp\\htdocs\\projectci4\\public\\index.php')
ERROR - 2023-08-16 02:40:07 --> ErrorException: oci_execute(): ORA-00904: &quot;TRGDATE&quot;: invalid identifier in C:\xampp\htdocs\projectci4\system\Database\OCI8\Connection.php:199
Stack trace:
#0 [internal function]: CodeIgniter\Debug\Exceptions->errorHandler(2, 'oci_execute(): ...', 'C:\\xampp\\htdocs...', 199, Array)
#1 C:\xampp\htdocs\projectci4\system\Database\OCI8\Connection.php(199): oci_execute(Resource id #134, 32)
#2 C:\xampp\htdocs\projectci4\system\Database\BaseConnection.php(692): CodeIgniter\Database\OCI8\Connection->execute('INSERT INTO "MM...')
#3 C:\xampp\htdocs\projectci4\system\Database\BaseConnection.php(606): CodeIgniter\Database\BaseConnection->simpleQuery('INSERT INTO "MM...')
#4 C:\xampp\htdocs\projectci4\system\Database\BaseBuilder.php(2309): CodeIgniter\Database\BaseConnection->query('INSERT INTO "MM...', Array, false)
#5 C:\xampp\htdocs\projectci4\system\Model.php(330): CodeIgniter\Database\BaseBuilder->insert()
#6 C:\xampp\htdocs\projectci4\system\BaseModel.php(782): CodeIgniter\Model->doInsert(Array)
#7 C:\xampp\htdocs\projectci4\system\Model.php(730): CodeIgniter\BaseModel->insert(Array, true)
#8 C:\xampp\htdocs\projectci4\app\Controllers\Home.php(81): CodeIgniter\Model->insert(Array)
#9 C:\xampp\htdocs\projectci4\system\CodeIgniter.php(932): App\Controllers\Home->submitAdd()
#10 C:\xampp\htdocs\projectci4\system\CodeIgniter.php(497): CodeIgniter\CodeIgniter->runController(Object(App\Controllers\Home))
#11 C:\xampp\htdocs\projectci4\system\CodeIgniter.php(366): CodeIgniter\CodeIgniter->handleRequest(NULL, Object(Config\Cache), false)
#12 C:\xampp\htdocs\projectci4\public\index.php(67): CodeIgniter\CodeIgniter->run()
#13 C:\xampp\htdocs\projectci4\system\Commands\Server\rewrite.php(47): require_once('C:\\xampp\\htdocs...')
#14 {main}
CRITICAL - 2023-08-16 02:40:07 --> oci_execute(): ORA-00904: &quot;TRGDATE&quot;: invalid identifier
in SYSTEMPATH\Database\OCI8\Connection.php on line 199.
 1 [internal function]: CodeIgniter\Debug\Exceptions->errorHandler(2, 'oci_execute(): ORA-00904: &quot;TRGDATE&quot;: invalid identifier', 'C:\\xampp\\htdocs\\projectci4\\system\\Database\\OCI8\\Connection.php', 199, [...])
 2 SYSTEMPATH\Database\OCI8\Connection.php(199): oci_execute(resource (oci8 statement), 32)
 3 SYSTEMPATH\Database\BaseConnection.php(692): CodeIgniter\Database\OCI8\Connection->execute('INSERT INTO "MM_LIST_BPB" ("MBLNR", "TRGDATE", "BPBNO", "KUNNR", "CUSTOMER", "LOKASI", "ADR1", "ADR2", "ADR3", "CPN1", "TPN1", "CPN2", "TPN2", "BUNDLE", "TGL_KIRIM", "ZPONO", "PODAT", "VENDOR", "KET", "POLNO", "BWNM", "BWHP", "TRGDAT", "NOTA", "KOLI1", "BERAT", "KEMBALI", "NOTDAT", "CATATAN", "CATATAN2") VALUES (\'88888888\', \'2023-08-16\', \'12345678\', \'Riri\', NULL, \'133\', \'PLTS LAMPUNG AREA\', \'JL.MOCH. TOHA 77 BANDUNG - JABAR\', \'\', \'BP.AHMAD RIDWAN AL-FARUQ\', \'081214404591\', \'\', \'\', (\'1234\'), (\'2023-08-17\'), (\'1\'), (\'2023-08-16\'), (\'INTI\'), \'01\', \'8888\', (\'\'), (\'\'), (\'2023-08-18\'), (\'\'), (\'\'), (\'\'), (\'\'), (\'\'), \'\', \'\')')
 4 SYSTEMPATH\Database\BaseConnection.php(606): CodeIgniter\Database\BaseConnection->simpleQuery('INSERT INTO "MM_LIST_BPB" ("MBLNR", "TRGDATE", "BPBNO", "KUNNR", "CUSTOMER", "LOKASI", "ADR1", "ADR2", "ADR3", "CPN1", "TPN1", "CPN2", "TPN2", "BUNDLE", "TGL_KIRIM", "ZPONO", "PODAT", "VENDOR", "KET", "POLNO", "BWNM", "BWHP", "TRGDAT", "NOTA", "KOLI1", "BERAT", "KEMBALI", "NOTDAT", "CATATAN", "CATATAN2") VALUES (\'88888888\', \'2023-08-16\', \'12345678\', \'Riri\', NULL, \'133\', \'PLTS LAMPUNG AREA\', \'JL.MOCH. TOHA 77 BANDUNG - JABAR\', \'\', \'BP.AHMAD RIDWAN AL-FARUQ\', \'081214404591\', \'\', \'\', (\'1234\'), (\'2023-08-17\'), (\'1\'), (\'2023-08-16\'), (\'INTI\'), \'01\', \'8888\', (\'\'), (\'\'), (\'2023-08-18\'), (\'\'), (\'\'), (\'\'), (\'\'), (\'\'), \'\', \'\')')
 5 SYSTEMPATH\Database\BaseBuilder.php(2309): CodeIgniter\Database\BaseConnection->query('INSERT INTO "MM_LIST_BPB" ("MBLNR", "TRGDATE", "BPBNO", "KUNNR", "CUSTOMER", "LOKASI", "ADR1", "ADR2", "ADR3", "CPN1", "TPN1", "CPN2", "TPN2", "BUNDLE", "TGL_KIRIM", "ZPONO", "PODAT", "VENDOR", "KET", "POLNO", "BWNM", "BWHP", "TRGDAT", "NOTA", "KOLI1", "BERAT", "KEMBALI", "NOTDAT", "CATATAN", "CATATAN2") VALUES (:MBLNR:, :TRGDATE:, :BPBNO:, :KUNNR:, :CUSTOMER:, :LOKASI:, :ADR1:, :ADR2:, :ADR3:, :CPN1:, :TPN1:, :CPN2:, :TPN2:, :BUNDLE:, :TGL_KIRIM:, :ZPONO:, :PODAT:, :VENDOR:, :KET:, :POLNO:, :BWNM:, :BWHP:, :TRGDAT:, :NOTA:, :KOLI1:, :BERAT:, :KEMBALI:, :NOTDAT:, :CATATAN:, :CATATAN2:)', [...], false)
 6 SYSTEMPATH\Model.php(330): CodeIgniter\Database\BaseBuilder->insert()
 7 SYSTEMPATH\BaseModel.php(782): CodeIgniter\Model->doInsert([...])
 8 SYSTEMPATH\Model.php(730): CodeIgniter\BaseModel->insert([...], true)
 9 APPPATH\Controllers\Home.php(81): CodeIgniter\Model->insert([...])
10 SYSTEMPATH\CodeIgniter.php(932): App\Controllers\Home->submitAdd()
11 SYSTEMPATH\CodeIgniter.php(497): CodeIgniter\CodeIgniter->runController(Object(App\Controllers\Home))
12 SYSTEMPATH\CodeIgniter.php(366): CodeIgniter\CodeIgniter->handleRequest(null, Object(Config\Cache), false)
13 FCPATH\index.php(67): CodeIgniter\CodeIgniter->run()
14 SYSTEMPATH\Commands\Server\rewrite.php(47): require_once('C:\\xampp\\htdocs\\projectci4\\public\\index.php')
ERROR - 2023-08-16 02:45:51 --> ErrorException: oci_execute(): ORA-01861: literal does not match format string in C:\xampp\htdocs\projectci4\system\Database\OCI8\Connection.php:199
Stack trace:
#0 [internal function]: CodeIgniter\Debug\Exceptions->errorHandler(2, 'oci_execute(): ...', 'C:\\xampp\\htdocs...', 199, Array)
#1 C:\xampp\htdocs\projectci4\system\Database\OCI8\Connection.php(199): oci_execute(Resource id #134, 32)
#2 C:\xampp\htdocs\projectci4\system\Database\BaseConnection.php(692): CodeIgniter\Database\OCI8\Connection->execute('INSERT INTO "MM...')
#3 C:\xampp\htdocs\projectci4\system\Database\BaseConnection.php(606): CodeIgniter\Database\BaseConnection->simpleQuery('INSERT INTO "MM...')
#4 C:\xampp\htdocs\projectci4\system\Database\BaseBuilder.php(2309): CodeIgniter\Database\BaseConnection->query('INSERT INTO "MM...', Array, false)
#5 C:\xampp\htdocs\projectci4\system\Model.php(330): CodeIgniter\Database\BaseBuilder->insert()
#6 C:\xampp\htdocs\projectci4\system\BaseModel.php(782): CodeIgniter\Model->doInsert(Array)
#7 C:\xampp\htdocs\projectci4\system\Model.php(730): CodeIgniter\BaseModel->insert(Array, true)
#8 C:\xampp\htdocs\projectci4\app\Controllers\Home.php(81): CodeIgniter\Model->insert(Array)
#9 C:\xampp\htdocs\projectci4\system\CodeIgniter.php(932): App\Controllers\Home->submitAdd()
#10 C:\xampp\htdocs\projectci4\system\CodeIgniter.php(497): CodeIgniter\CodeIgniter->runController(Object(App\Controllers\Home))
#11 C:\xampp\htdocs\projectci4\system\CodeIgniter.php(366): CodeIgniter\CodeIgniter->handleRequest(NULL, Object(Config\Cache), false)
#12 C:\xampp\htdocs\projectci4\public\index.php(67): CodeIgniter\CodeIgniter->run()
#13 C:\xampp\htdocs\projectci4\system\Commands\Server\rewrite.php(47): require_once('C:\\xampp\\htdocs...')
#14 {main}
CRITICAL - 2023-08-16 02:45:51 --> oci_execute(): ORA-01861: literal does not match format string
in SYSTEMPATH\Database\OCI8\Connection.php on line 199.
 1 [internal function]: CodeIgniter\Debug\Exceptions->errorHandler(2, 'oci_execute(): ORA-01861: literal does not match format string', 'C:\\xampp\\htdocs\\projectci4\\system\\Database\\OCI8\\Connection.php', 199, [...])
 2 SYSTEMPATH\Database\OCI8\Connection.php(199): oci_execute(resource (oci8 statement), 32)
 3 SYSTEMPATH\Database\BaseConnection.php(692): CodeIgniter\Database\OCI8\Connection->execute('INSERT INTO "MM_LIST_BPB" ("MBLNR", "BUDAT", "BPBNO", "KUNNR", "CUSTOMER", "LOKASI", "ADR1", "ADR2", "ADR3", "CPN1", "TPN1", "CPN2", "TPN2", "BUNDLE", "TGL_KIRIM", "ZPONO", "PODAT", "VENDOR", "KET", "POLNO", "BWNM", "BWHP", "TRGDAT", "NOTA", "KOLI1", "BERAT", "KEMBALI", "NOTDAT", "CATATAN", "CATATAN2") VALUES (\'88888888\', NULL, \'12345678\', \'Riri\', NULL, \'133\', \'PLTS LAMPUNG AREA\', \'JL.MOCH. TOHA 77 BANDUNG - JABAR\', \'\', \'BP.AHMAD RIDWAN AL-FARUQ\', \'081214404591\', \'\', \'\', (\'1234\'), (\'2023-08-17\'), (\'1\'), (\'2023-08-16\'), (\'INTI\'), \'01\', \'8888\', (\'\'), (\'\'), (\'2023-08-18\'), (\'\'), (\'\'), (\'\'), (\'\'), (\'\'), \'\', \'\')')
 4 SYSTEMPATH\Database\BaseConnection.php(606): CodeIgniter\Database\BaseConnection->simpleQuery('INSERT INTO "MM_LIST_BPB" ("MBLNR", "BUDAT", "BPBNO", "KUNNR", "CUSTOMER", "LOKASI", "ADR1", "ADR2", "ADR3", "CPN1", "TPN1", "CPN2", "TPN2", "BUNDLE", "TGL_KIRIM", "ZPONO", "PODAT", "VENDOR", "KET", "POLNO", "BWNM", "BWHP", "TRGDAT", "NOTA", "KOLI1", "BERAT", "KEMBALI", "NOTDAT", "CATATAN", "CATATAN2") VALUES (\'88888888\', NULL, \'12345678\', \'Riri\', NULL, \'133\', \'PLTS LAMPUNG AREA\', \'JL.MOCH. TOHA 77 BANDUNG - JABAR\', \'\', \'BP.AHMAD RIDWAN AL-FARUQ\', \'081214404591\', \'\', \'\', (\'1234\'), (\'2023-08-17\'), (\'1\'), (\'2023-08-16\'), (\'INTI\'), \'01\', \'8888\', (\'\'), (\'\'), (\'2023-08-18\'), (\'\'), (\'\'), (\'\'), (\'\'), (\'\'), \'\', \'\')')
 5 SYSTEMPATH\Database\BaseBuilder.php(2309): CodeIgniter\Database\BaseConnection->query('INSERT INTO "MM_LIST_BPB" ("MBLNR", "BUDAT", "BPBNO", "KUNNR", "CUSTOMER", "LOKASI", "ADR1", "ADR2", "ADR3", "CPN1", "TPN1", "CPN2", "TPN2", "BUNDLE", "TGL_KIRIM", "ZPONO", "PODAT", "VENDOR", "KET", "POLNO", "BWNM", "BWHP", "TRGDAT", "NOTA", "KOLI1", "BERAT", "KEMBALI", "NOTDAT", "CATATAN", "CATATAN2") VALUES (:MBLNR:, :BUDAT:, :BPBNO:, :KUNNR:, :CUSTOMER:, :LOKASI:, :ADR1:, :ADR2:, :ADR3:, :CPN1:, :TPN1:, :CPN2:, :TPN2:, :BUNDLE:, :TGL_KIRIM:, :ZPONO:, :PODAT:, :VENDOR:, :KET:, :POLNO:, :BWNM:, :BWHP:, :TRGDAT:, :NOTA:, :KOLI1:, :BERAT:, :KEMBALI:, :NOTDAT:, :CATATAN:, :CATATAN2:)', [...], false)
 6 SYSTEMPATH\Model.php(330): CodeIgniter\Database\BaseBuilder->insert()
 7 SYSTEMPATH\BaseModel.php(782): CodeIgniter\Model->doInsert([...])
 8 SYSTEMPATH\Model.php(730): CodeIgniter\BaseModel->insert([...], true)
 9 APPPATH\Controllers\Home.php(81): CodeIgniter\Model->insert([...])
10 SYSTEMPATH\CodeIgniter.php(932): App\Controllers\Home->submitAdd()
11 SYSTEMPATH\CodeIgniter.php(497): CodeIgniter\CodeIgniter->runController(Object(App\Controllers\Home))
12 SYSTEMPATH\CodeIgniter.php(366): CodeIgniter\CodeIgniter->handleRequest(null, Object(Config\Cache), false)
13 FCPATH\index.php(67): CodeIgniter\CodeIgniter->run()
14 SYSTEMPATH\Commands\Server\rewrite.php(47): require_once('C:\\xampp\\htdocs\\projectci4\\public\\index.php')
ERROR - 2023-08-16 02:45:56 --> ErrorException: oci_execute(): ORA-01861: literal does not match format string in C:\xampp\htdocs\projectci4\system\Database\OCI8\Connection.php:199
Stack trace:
#0 [internal function]: CodeIgniter\Debug\Exceptions->errorHandler(2, 'oci_execute(): ...', 'C:\\xampp\\htdocs...', 199, Array)
#1 C:\xampp\htdocs\projectci4\system\Database\OCI8\Connection.php(199): oci_execute(Resource id #134, 32)
#2 C:\xampp\htdocs\projectci4\system\Database\BaseConnection.php(692): CodeIgniter\Database\OCI8\Connection->execute('INSERT INTO "MM...')
#3 C:\xampp\htdocs\projectci4\system\Database\BaseConnection.php(606): CodeIgniter\Database\BaseConnection->simpleQuery('INSERT INTO "MM...')
#4 C:\xampp\htdocs\projectci4\system\Database\BaseBuilder.php(2309): CodeIgniter\Database\BaseConnection->query('INSERT INTO "MM...', Array, false)
#5 C:\xampp\htdocs\projectci4\system\Model.php(330): CodeIgniter\Database\BaseBuilder->insert()
#6 C:\xampp\htdocs\projectci4\system\BaseModel.php(782): CodeIgniter\Model->doInsert(Array)
#7 C:\xampp\htdocs\projectci4\system\Model.php(730): CodeIgniter\BaseModel->insert(Array, true)
#8 C:\xampp\htdocs\projectci4\app\Controllers\Home.php(81): CodeIgniter\Model->insert(Array)
#9 C:\xampp\htdocs\projectci4\system\CodeIgniter.php(932): App\Controllers\Home->submitAdd()
#10 C:\xampp\htdocs\projectci4\system\CodeIgniter.php(497): CodeIgniter\CodeIgniter->runController(Object(App\Controllers\Home))
#11 C:\xampp\htdocs\projectci4\system\CodeIgniter.php(366): CodeIgniter\CodeIgniter->handleRequest(NULL, Object(Config\Cache), false)
#12 C:\xampp\htdocs\projectci4\public\index.php(67): CodeIgniter\CodeIgniter->run()
#13 C:\xampp\htdocs\projectci4\system\Commands\Server\rewrite.php(47): require_once('C:\\xampp\\htdocs...')
#14 {main}
CRITICAL - 2023-08-16 02:45:56 --> oci_execute(): ORA-01861: literal does not match format string
in SYSTEMPATH\Database\OCI8\Connection.php on line 199.
 1 [internal function]: CodeIgniter\Debug\Exceptions->errorHandler(2, 'oci_execute(): ORA-01861: literal does not match format string', 'C:\\xampp\\htdocs\\projectci4\\system\\Database\\OCI8\\Connection.php', 199, [...])
 2 SYSTEMPATH\Database\OCI8\Connection.php(199): oci_execute(resource (oci8 statement), 32)
 3 SYSTEMPATH\Database\BaseConnection.php(692): CodeIgniter\Database\OCI8\Connection->execute('INSERT INTO "MM_LIST_BPB" ("MBLNR", "BUDAT", "BPBNO", "KUNNR", "CUSTOMER", "LOKASI", "ADR1", "ADR2", "ADR3", "CPN1", "TPN1", "CPN2", "TPN2", "BUNDLE", "TGL_KIRIM", "ZPONO", "PODAT", "VENDOR", "KET", "POLNO", "BWNM", "BWHP", "TRGDAT", "NOTA", "KOLI1", "BERAT", "KEMBALI", "NOTDAT", "CATATAN", "CATATAN2") VALUES (\'88888888\', NULL, \'12345678\', \'Riri\', NULL, \'133\', \'PLTS LAMPUNG AREA\', \'JL.MOCH. TOHA 77 BANDUNG - JABAR\', \'\', \'BP.AHMAD RIDWAN AL-FARUQ\', \'081214404591\', \'\', \'\', (\'1234\'), (\'2023-08-17\'), (\'1\'), (\'2023-08-16\'), (\'INTI\'), \'01\', \'8888\', (\'\'), (\'\'), (\'2023-08-18\'), (\'\'), (\'\'), (\'\'), (\'\'), (\'\'), \'\', \'\')')
 4 SYSTEMPATH\Database\BaseConnection.php(606): CodeIgniter\Database\BaseConnection->simpleQuery('INSERT INTO "MM_LIST_BPB" ("MBLNR", "BUDAT", "BPBNO", "KUNNR", "CUSTOMER", "LOKASI", "ADR1", "ADR2", "ADR3", "CPN1", "TPN1", "CPN2", "TPN2", "BUNDLE", "TGL_KIRIM", "ZPONO", "PODAT", "VENDOR", "KET", "POLNO", "BWNM", "BWHP", "TRGDAT", "NOTA", "KOLI1", "BERAT", "KEMBALI", "NOTDAT", "CATATAN", "CATATAN2") VALUES (\'88888888\', NULL, \'12345678\', \'Riri\', NULL, \'133\', \'PLTS LAMPUNG AREA\', \'JL.MOCH. TOHA 77 BANDUNG - JABAR\', \'\', \'BP.AHMAD RIDWAN AL-FARUQ\', \'081214404591\', \'\', \'\', (\'1234\'), (\'2023-08-17\'), (\'1\'), (\'2023-08-16\'), (\'INTI\'), \'01\', \'8888\', (\'\'), (\'\'), (\'2023-08-18\'), (\'\'), (\'\'), (\'\'), (\'\'), (\'\'), \'\', \'\')')
 5 SYSTEMPATH\Database\BaseBuilder.php(2309): CodeIgniter\Database\BaseConnection->query('INSERT INTO "MM_LIST_BPB" ("MBLNR", "BUDAT", "BPBNO", "KUNNR", "CUSTOMER", "LOKASI", "ADR1", "ADR2", "ADR3", "CPN1", "TPN1", "CPN2", "TPN2", "BUNDLE", "TGL_KIRIM", "ZPONO", "PODAT", "VENDOR", "KET", "POLNO", "BWNM", "BWHP", "TRGDAT", "NOTA", "KOLI1", "BERAT", "KEMBALI", "NOTDAT", "CATATAN", "CATATAN2") VALUES (:MBLNR:, :BUDAT:, :BPBNO:, :KUNNR:, :CUSTOMER:, :LOKASI:, :ADR1:, :ADR2:, :ADR3:, :CPN1:, :TPN1:, :CPN2:, :TPN2:, :BUNDLE:, :TGL_KIRIM:, :ZPONO:, :PODAT:, :VENDOR:, :KET:, :POLNO:, :BWNM:, :BWHP:, :TRGDAT:, :NOTA:, :KOLI1:, :BERAT:, :KEMBALI:, :NOTDAT:, :CATATAN:, :CATATAN2:)', [...], false)
 6 SYSTEMPATH\Model.php(330): CodeIgniter\Database\BaseBuilder->insert()
 7 SYSTEMPATH\BaseModel.php(782): CodeIgniter\Model->doInsert([...])
 8 SYSTEMPATH\Model.php(730): CodeIgniter\BaseModel->insert([...], true)
 9 APPPATH\Controllers\Home.php(81): CodeIgniter\Model->insert([...])
10 SYSTEMPATH\CodeIgniter.php(932): App\Controllers\Home->submitAdd()
11 SYSTEMPATH\CodeIgniter.php(497): CodeIgniter\CodeIgniter->runController(Object(App\Controllers\Home))
12 SYSTEMPATH\CodeIgniter.php(366): CodeIgniter\CodeIgniter->handleRequest(null, Object(Config\Cache), false)
13 FCPATH\index.php(67): CodeIgniter\CodeIgniter->run()
14 SYSTEMPATH\Commands\Server\rewrite.php(47): require_once('C:\\xampp\\htdocs\\projectci4\\public\\index.php')
ERROR - 2023-08-16 03:31:49 --> Error connecting to the database: ErrorException: oci_pconnect(): ORA-12570: TNS:packet reader failure in C:\xampp\htdocs\projectci4\system\Database\OCI8\Connection.php:129
Stack trace:
#0 [internal function]: CodeIgniter\Debug\Exceptions->errorHandler(2, 'oci_pconnect():...', 'C:\\xampp\\htdocs...', 129, Array)
#1 C:\xampp\htdocs\projectci4\system\Database\OCI8\Connection.php(129): oci_pconnect('materialmgmt', 'm4t3r14lmgmt', '(DESCRIPTION=(A...', 'utf8')
#2 C:\xampp\htdocs\projectci4\system\Database\BaseConnection.php(391): CodeIgniter\Database\OCI8\Connection->connect(true)
#3 C:\xampp\htdocs\projectci4\system\Database\BaseConnection.php(574): CodeIgniter\Database\BaseConnection->initialize()
#4 C:\xampp\htdocs\projectci4\system\Database\BaseBuilder.php(1616): CodeIgniter\Database\BaseConnection->query('SELECT *\nFROM "...', Array, false)
#5 C:\xampp\htdocs\projectci4\system\Model.php(241): CodeIgniter\Database\BaseBuilder->get()
#6 C:\xampp\htdocs\projectci4\system\BaseModel.php(618): CodeIgniter\Model->doFindAll(0, 0)
#7 C:\xampp\htdocs\projectci4\app\Controllers\Home.php(33): CodeIgniter\BaseModel->findAll()
#8 C:\xampp\htdocs\projectci4\system\CodeIgniter.php(932): App\Controllers\Home->FormBPB()
#9 C:\xampp\htdocs\projectci4\system\CodeIgniter.php(497): CodeIgniter\CodeIgniter->runController(Object(App\Controllers\Home))
#10 C:\xampp\htdocs\projectci4\system\CodeIgniter.php(366): CodeIgniter\CodeIgniter->handleRequest(NULL, Object(Config\Cache), false)
#11 C:\xampp\htdocs\projectci4\public\index.php(67): CodeIgniter\CodeIgniter->run()
#12 C:\xampp\htdocs\projectci4\system\Commands\Server\rewrite.php(47): require_once('C:\\xampp\\htdocs...')
#13 {main}
CRITICAL - 2023-08-16 03:31:49 --> Unable to connect to the database.
Main connection [oci8]: oci_pconnect(): ORA-12570: TNS:packet reader failure
in SYSTEMPATH\Database\BaseConnection.php on line 427.
 1 SYSTEMPATH\Database\BaseConnection.php(574): CodeIgniter\Database\BaseConnection->initialize()
 2 SYSTEMPATH\Database\BaseBuilder.php(1616): CodeIgniter\Database\BaseConnection->query('SELECT *
FROM "MM_MASTER_LOKASI"', [], false)
 3 SYSTEMPATH\Model.php(241): CodeIgniter\Database\BaseBuilder->get()
 4 SYSTEMPATH\BaseModel.php(618): CodeIgniter\Model->doFindAll(0, 0)
 5 APPPATH\Controllers\Home.php(33): CodeIgniter\BaseModel->findAll()
 6 SYSTEMPATH\CodeIgniter.php(932): App\Controllers\Home->FormBPB()
 7 SYSTEMPATH\CodeIgniter.php(497): CodeIgniter\CodeIgniter->runController(Object(App\Controllers\Home))
 8 SYSTEMPATH\CodeIgniter.php(366): CodeIgniter\CodeIgniter->handleRequest(null, Object(Config\Cache), false)
 9 FCPATH\index.php(67): CodeIgniter\CodeIgniter->run()
10 SYSTEMPATH\Commands\Server\rewrite.php(47): require_once('C:\\xampp\\htdocs\\projectci4\\public\\index.php')
ERROR - 2023-08-16 03:42:28 --> ErrorException: oci_execute(): ORA-01861: literal does not match format string in C:\xampp\htdocs\projectci4\system\Database\OCI8\Connection.php:199
Stack trace:
#0 [internal function]: CodeIgniter\Debug\Exceptions->errorHandler(2, 'oci_execute(): ...', 'C:\\xampp\\htdocs...', 199, Array)
#1 C:\xampp\htdocs\projectci4\system\Database\OCI8\Connection.php(199): oci_execute(Resource id #134, 32)
#2 C:\xampp\htdocs\projectci4\system\Database\BaseConnection.php(692): CodeIgniter\Database\OCI8\Connection->execute('INSERT INTO "MM...')
#3 C:\xampp\htdocs\projectci4\system\Database\BaseConnection.php(606): CodeIgniter\Database\BaseConnection->simpleQuery('INSERT INTO "MM...')
#4 C:\xampp\htdocs\projectci4\system\Database\BaseBuilder.php(2309): CodeIgniter\Database\BaseConnection->query('INSERT INTO "MM...', Array, false)
#5 C:\xampp\htdocs\projectci4\system\Model.php(330): CodeIgniter\Database\BaseBuilder->insert()
#6 C:\xampp\htdocs\projectci4\system\BaseModel.php(782): CodeIgniter\Model->doInsert(Array)
#7 C:\xampp\htdocs\projectci4\system\Model.php(730): CodeIgniter\BaseModel->insert(Array, true)
#8 C:\xampp\htdocs\projectci4\app\Controllers\Home.php(81): CodeIgniter\Model->insert(Array)
#9 C:\xampp\htdocs\projectci4\system\CodeIgniter.php(932): App\Controllers\Home->submitAdd()
#10 C:\xampp\htdocs\projectci4\system\CodeIgniter.php(497): CodeIgniter\CodeIgniter->runController(Object(App\Controllers\Home))
#11 C:\xampp\htdocs\projectci4\system\CodeIgniter.php(366): CodeIgniter\CodeIgniter->handleRequest(NULL, Object(Config\Cache), false)
#12 C:\xampp\htdocs\projectci4\public\index.php(67): CodeIgniter\CodeIgniter->run()
#13 C:\xampp\htdocs\projectci4\system\Commands\Server\rewrite.php(47): require_once('C:\\xampp\\htdocs...')
#14 {main}
CRITICAL - 2023-08-16 03:42:28 --> oci_execute(): ORA-01861: literal does not match format string
in SYSTEMPATH\Database\OCI8\Connection.php on line 199.
 1 [internal function]: CodeIgniter\Debug\Exceptions->errorHandler(2, 'oci_execute(): ORA-01861: literal does not match format string', 'C:\\xampp\\htdocs\\projectci4\\system\\Database\\OCI8\\Connection.php', 199, [...])
 2 SYSTEMPATH\Database\OCI8\Connection.php(199): oci_execute(resource (oci8 statement), 32)
 3 SYSTEMPATH\Database\BaseConnection.php(692): CodeIgniter\Database\OCI8\Connection->execute('INSERT INTO "MM_LIST_BPB" ("MBLNR", "BUDAT", "BPBNO", "KUNNR", "CUSTOMER", "LOKASI", "ADR1", "ADR2", "ADR3", "CPN1", "TPN1", "CPN2", "TPN2", "BUNDLE", "TGL_KIRIM", "ZPONO", "PODAT", "VENDOR", "KET", "POLNO", "BWNM", "BWHP", "TRGDAT", "NOTA", "KOLI1", "BERAT", "KEMBALI", "NOTDAT", "CATATAN", "CATATAN2") VALUES (\'88888888\', \'2023-08-16\', \'\', \'\', NULL, \'\', \'\', \'\', \'\', \'\', \'\', \'\', \'\', (\'\'), (\'\'), (\'\'), (\'\'), (\'\'), \'\', \'\', (\'\'), (\'\'), (\'\'), (\'\'), (\'\'), (\'\'), (\'\'), (\'\'), \'\', \'\')')
 4 SYSTEMPATH\Database\BaseConnection.php(606): CodeIgniter\Database\BaseConnection->simpleQuery('INSERT INTO "MM_LIST_BPB" ("MBLNR", "BUDAT", "BPBNO", "KUNNR", "CUSTOMER", "LOKASI", "ADR1", "ADR2", "ADR3", "CPN1", "TPN1", "CPN2", "TPN2", "BUNDLE", "TGL_KIRIM", "ZPONO", "PODAT", "VENDOR", "KET", "POLNO", "BWNM", "BWHP", "TRGDAT", "NOTA", "KOLI1", "BERAT", "KEMBALI", "NOTDAT", "CATATAN", "CATATAN2") VALUES (\'88888888\', \'2023-08-16\', \'\', \'\', NULL, \'\', \'\', \'\', \'\', \'\', \'\', \'\', \'\', (\'\'), (\'\'), (\'\'), (\'\'), (\'\'), \'\', \'\', (\'\'), (\'\'), (\'\'), (\'\'), (\'\'), (\'\'), (\'\'), (\'\'), \'\', \'\')')
 5 SYSTEMPATH\Database\BaseBuilder.php(2309): CodeIgniter\Database\BaseConnection->query('INSERT INTO "MM_LIST_BPB" ("MBLNR", "BUDAT", "BPBNO", "KUNNR", "CUSTOMER", "LOKASI", "ADR1", "ADR2", "ADR3", "CPN1", "TPN1", "CPN2", "TPN2", "BUNDLE", "TGL_KIRIM", "ZPONO", "PODAT", "VENDOR", "KET", "POLNO", "BWNM", "BWHP", "TRGDAT", "NOTA", "KOLI1", "BERAT", "KEMBALI", "NOTDAT", "CATATAN", "CATATAN2") VALUES (:MBLNR:, :BUDAT:, :BPBNO:, :KUNNR:, :CUSTOMER:, :LOKASI:, :ADR1:, :ADR2:, :ADR3:, :CPN1:, :TPN1:, :CPN2:, :TPN2:, :BUNDLE:, :TGL_KIRIM:, :ZPONO:, :PODAT:, :VENDOR:, :KET:, :POLNO:, :BWNM:, :BWHP:, :TRGDAT:, :NOTA:, :KOLI1:, :BERAT:, :KEMBALI:, :NOTDAT:, :CATATAN:, :CATATAN2:)', [...], false)
 6 SYSTEMPATH\Model.php(330): CodeIgniter\Database\BaseBuilder->insert()
 7 SYSTEMPATH\BaseModel.php(782): CodeIgniter\Model->doInsert([...])
 8 SYSTEMPATH\Model.php(730): CodeIgniter\BaseModel->insert([...], true)
 9 APPPATH\Controllers\Home.php(81): CodeIgniter\Model->insert([...])
10 SYSTEMPATH\CodeIgniter.php(932): App\Controllers\Home->submitAdd()
11 SYSTEMPATH\CodeIgniter.php(497): CodeIgniter\CodeIgniter->runController(Object(App\Controllers\Home))
12 SYSTEMPATH\CodeIgniter.php(366): CodeIgniter\CodeIgniter->handleRequest(null, Object(Config\Cache), false)
13 FCPATH\index.php(67): CodeIgniter\CodeIgniter->run()
14 SYSTEMPATH\Commands\Server\rewrite.php(47): require_once('C:\\xampp\\htdocs\\projectci4\\public\\index.php')
ERROR - 2023-08-16 04:16:48 --> ErrorException: oci_execute(): ORA-01861: literal does not match format string in C:\xampp\htdocs\projectci4\system\Database\OCI8\Connection.php:199
Stack trace:
#0 [internal function]: CodeIgniter\Debug\Exceptions->errorHandler(2, 'oci_execute(): ...', 'C:\\xampp\\htdocs...', 199, Array)
#1 C:\xampp\htdocs\projectci4\system\Database\OCI8\Connection.php(199): oci_execute(Resource id #134, 32)
#2 C:\xampp\htdocs\projectci4\system\Database\BaseConnection.php(692): CodeIgniter\Database\OCI8\Connection->execute('INSERT INTO "MM...')
#3 C:\xampp\htdocs\projectci4\system\Database\BaseConnection.php(606): CodeIgniter\Database\BaseConnection->simpleQuery('INSERT INTO "MM...')
#4 C:\xampp\htdocs\projectci4\system\Database\BaseBuilder.php(2309): CodeIgniter\Database\BaseConnection->query('INSERT INTO "MM...', Array, false)
#5 C:\xampp\htdocs\projectci4\system\Model.php(330): CodeIgniter\Database\BaseBuilder->insert()
#6 C:\xampp\htdocs\projectci4\system\BaseModel.php(782): CodeIgniter\Model->doInsert(Array)
#7 C:\xampp\htdocs\projectci4\system\Model.php(730): CodeIgniter\BaseModel->insert(Array, true)
#8 C:\xampp\htdocs\projectci4\app\Controllers\Home.php(81): CodeIgniter\Model->insert(Array)
#9 C:\xampp\htdocs\projectci4\system\CodeIgniter.php(932): App\Controllers\Home->submitAdd()
#10 C:\xampp\htdocs\projectci4\system\CodeIgniter.php(497): CodeIgniter\CodeIgniter->runController(Object(App\Controllers\Home))
#11 C:\xampp\htdocs\projectci4\system\CodeIgniter.php(366): CodeIgniter\CodeIgniter->handleRequest(NULL, Object(Config\Cache), false)
#12 C:\xampp\htdocs\projectci4\public\index.php(67): CodeIgniter\CodeIgniter->run()
#13 C:\xampp\htdocs\projectci4\system\Commands\Server\rewrite.php(47): require_once('C:\\xampp\\htdocs...')
#14 {main}
CRITICAL - 2023-08-16 04:16:48 --> oci_execute(): ORA-01861: literal does not match format string
in SYSTEMPATH\Database\OCI8\Connection.php on line 199.
 1 [internal function]: CodeIgniter\Debug\Exceptions->errorHandler(2, 'oci_execute(): ORA-01861: literal does not match format string', 'C:\\xampp\\htdocs\\projectci4\\system\\Database\\OCI8\\Connection.php', 199, [...])
 2 SYSTEMPATH\Database\OCI8\Connection.php(199): oci_execute(resource (oci8 statement), 32)
 3 SYSTEMPATH\Database\BaseConnection.php(692): CodeIgniter\Database\OCI8\Connection->execute('INSERT INTO "MM_LIST_BPB" ("MBLNR", "BUDAT", "BPBNO", "KUNNR", "CUSTOMER", "LOKASI", "ADR1", "ADR2", "ADR3", "CPN1", "TPN1", "CPN2", "TPN2", "BUNDLE", "TGL_KIRIM", "ZPONO", "PODAT", "VENDOR", "KET", "POLNO", "BWNM", "BWHP", "TRGDAT", "NOTA", "KOLI1", "BERAT", "KEMBALI", "NOTDAT", "CATATAN", "CATATAN2") VALUES (\'88888888\', \'2023-08-16\', \'\', \'\', NULL, \'\', \'\', \'\', \'\', \'\', \'\', \'\', \'\', (\'\'), (\'\'), (\'\'), (\'\'), (\'\'), \'\', \'\', (\'\'), (\'\'), (\'\'), (\'\'), (\'\'), (\'\'), (\'\'), (\'\'), \'\', \'\')')
 4 SYSTEMPATH\Database\BaseConnection.php(606): CodeIgniter\Database\BaseConnection->simpleQuery('INSERT INTO "MM_LIST_BPB" ("MBLNR", "BUDAT", "BPBNO", "KUNNR", "CUSTOMER", "LOKASI", "ADR1", "ADR2", "ADR3", "CPN1", "TPN1", "CPN2", "TPN2", "BUNDLE", "TGL_KIRIM", "ZPONO", "PODAT", "VENDOR", "KET", "POLNO", "BWNM", "BWHP", "TRGDAT", "NOTA", "KOLI1", "BERAT", "KEMBALI", "NOTDAT", "CATATAN", "CATATAN2") VALUES (\'88888888\', \'2023-08-16\', \'\', \'\', NULL, \'\', \'\', \'\', \'\', \'\', \'\', \'\', \'\', (\'\'), (\'\'), (\'\'), (\'\'), (\'\'), \'\', \'\', (\'\'), (\'\'), (\'\'), (\'\'), (\'\'), (\'\'), (\'\'), (\'\'), \'\', \'\')')
 5 SYSTEMPATH\Database\BaseBuilder.php(2309): CodeIgniter\Database\BaseConnection->query('INSERT INTO "MM_LIST_BPB" ("MBLNR", "BUDAT", "BPBNO", "KUNNR", "CUSTOMER", "LOKASI", "ADR1", "ADR2", "ADR3", "CPN1", "TPN1", "CPN2", "TPN2", "BUNDLE", "TGL_KIRIM", "ZPONO", "PODAT", "VENDOR", "KET", "POLNO", "BWNM", "BWHP", "TRGDAT", "NOTA", "KOLI1", "BERAT", "KEMBALI", "NOTDAT", "CATATAN", "CATATAN2") VALUES (:MBLNR:, :BUDAT:, :BPBNO:, :KUNNR:, :CUSTOMER:, :LOKASI:, :ADR1:, :ADR2:, :ADR3:, :CPN1:, :TPN1:, :CPN2:, :TPN2:, :BUNDLE:, :TGL_KIRIM:, :ZPONO:, :PODAT:, :VENDOR:, :KET:, :POLNO:, :BWNM:, :BWHP:, :TRGDAT:, :NOTA:, :KOLI1:, :BERAT:, :KEMBALI:, :NOTDAT:, :CATATAN:, :CATATAN2:)', [...], false)
 6 SYSTEMPATH\Model.php(330): CodeIgniter\Database\BaseBuilder->insert()
 7 SYSTEMPATH\BaseModel.php(782): CodeIgniter\Model->doInsert([...])
 8 SYSTEMPATH\Model.php(730): CodeIgniter\BaseModel->insert([...], true)
 9 APPPATH\Controllers\Home.php(81): CodeIgniter\Model->insert([...])
10 SYSTEMPATH\CodeIgniter.php(932): App\Controllers\Home->submitAdd()
11 SYSTEMPATH\CodeIgniter.php(497): CodeIgniter\CodeIgniter->runController(Object(App\Controllers\Home))
12 SYSTEMPATH\CodeIgniter.php(366): CodeIgniter\CodeIgniter->handleRequest(null, Object(Config\Cache), false)
13 FCPATH\index.php(67): CodeIgniter\CodeIgniter->run()
14 SYSTEMPATH\Commands\Server\rewrite.php(47): require_once('C:\\xampp\\htdocs\\projectci4\\public\\index.php')
