CRITICAL - 2023-08-14 01:51:15 --> Maximum execution time of 60 seconds exceeded
in SYSTEMPATH\Debug\Exceptions.php on line 170.
 1 [internal function]: CodeIgniter\Debug\Exceptions->shutdownHandler()
CRITICAL - 2023-08-14 01:53:00 --> Class 'App\Models\MASTERLOKASIModel' not found
in APPPATH\Controllers\Home.php on line 30.
 1 SYSTEMPATH\CodeIgniter.php(932): App\Controllers\Home->FormBPB()
 2 SYSTEMPATH\CodeIgniter.php(497): CodeIgniter\CodeIgniter->runController(Object(App\Controllers\Home))
 3 SYSTEMPATH\CodeIgniter.php(366): CodeIgniter\CodeIgniter->handleRequest(null, Object(Config\Cache), false)
 4 FCPATH\index.php(67): CodeIgniter\CodeIgniter->run()
 5 SYSTEMPATH\Commands\Server\rewrite.php(47): require_once('C:\\xampp\\htdocs\\projectci4\\public\\index.php')
CRITICAL - 2023-08-14 01:53:05 --> Class 'App\Models\MASTERLOKASIModel' not found
in APPPATH\Controllers\Home.php on line 30.
 1 SYSTEMPATH\CodeIgniter.php(932): App\Controllers\Home->FormBPB()
 2 SYSTEMPATH\CodeIgniter.php(497): CodeIgniter\CodeIgniter->runController(Object(App\Controllers\Home))
 3 SYSTEMPATH\CodeIgniter.php(366): CodeIgniter\CodeIgniter->handleRequest(null, Object(Config\Cache), false)
 4 FCPATH\index.php(67): CodeIgniter\CodeIgniter->run()
 5 SYSTEMPATH\Commands\Server\rewrite.php(47): require_once('C:\\xampp\\htdocs\\projectci4\\public\\index.php')
CRITICAL - 2023-08-14 01:53:09 --> Class 'App\Models\MASTERLOKASIModel' not found
in APPPATH\Controllers\Home.php on line 30.
 1 SYSTEMPATH\CodeIgniter.php(932): App\Controllers\Home->FormBPB()
 2 SYSTEMPATH\CodeIgniter.php(497): CodeIgniter\CodeIgniter->runController(Object(App\Controllers\Home))
 3 SYSTEMPATH\CodeIgniter.php(366): CodeIgniter\CodeIgniter->handleRequest(null, Object(Config\Cache), false)
 4 FCPATH\index.php(67): CodeIgniter\CodeIgniter->run()
 5 SYSTEMPATH\Commands\Server\rewrite.php(47): require_once('C:\\xampp\\htdocs\\projectci4\\public\\index.php')
CRITICAL - 2023-08-14 01:57:00 --> Class 'App\Models\MASTERLOKASIModel' not found
in APPPATH\Controllers\Home.php on line 30.
 1 SYSTEMPATH\CodeIgniter.php(932): App\Controllers\Home->FormBPB()
 2 SYSTEMPATH\CodeIgniter.php(497): CodeIgniter\CodeIgniter->runController(Object(App\Controllers\Home))
 3 SYSTEMPATH\CodeIgniter.php(366): CodeIgniter\CodeIgniter->handleRequest(null, Object(Config\Cache), false)
 4 FCPATH\index.php(67): CodeIgniter\CodeIgniter->run()
 5 SYSTEMPATH\Commands\Server\rewrite.php(47): require_once('C:\\xampp\\htdocs\\projectci4\\public\\index.php')
CRITICAL - 2023-08-14 01:57:02 --> Class 'App\Models\MASTERLOKASIModel' not found
in APPPATH\Controllers\Home.php on line 30.
 1 SYSTEMPATH\CodeIgniter.php(932): App\Controllers\Home->FormBPB()
 2 SYSTEMPATH\CodeIgniter.php(497): CodeIgniter\CodeIgniter->runController(Object(App\Controllers\Home))
 3 SYSTEMPATH\CodeIgniter.php(366): CodeIgniter\CodeIgniter->handleRequest(null, Object(Config\Cache), false)
 4 FCPATH\index.php(67): CodeIgniter\CodeIgniter->run()
 5 SYSTEMPATH\Commands\Server\rewrite.php(47): require_once('C:\\xampp\\htdocs\\projectci4\\public\\index.php')
CRITICAL - 2023-08-14 02:05:05 --> Undefined index: id
in APPPATH\Views\form\formbpb.php on line 71.
 1 APPPATH\Views\form\formbpb.php(71): CodeIgniter\Debug\Exceptions->errorHandler(8, 'Undefined index: id', 'C:\\xampp\\htdocs\\projectci4\\app\\Views\\form\\formbpb.php', 71, [...])
 2 SYSTEMPATH\View\View.php(224): include('C:\\xampp\\htdocs\\projectci4\\app\\Views\\form\\formbpb.php')
 3 SYSTEMPATH\View\View.php(227): CodeIgniter\View\View->CodeIgniter\View\{closure}()
 4 SYSTEMPATH\Common.php(1180): CodeIgniter\View\View->render('/form/formbpb', [], true)
 5 APPPATH\Controllers\Home.php(36): view('/form/formbpb', [...])
 6 SYSTEMPATH\CodeIgniter.php(932): App\Controllers\Home->FormBPB()
 7 SYSTEMPATH\CodeIgniter.php(497): CodeIgniter\CodeIgniter->runController(Object(App\Controllers\Home))
 8 SYSTEMPATH\CodeIgniter.php(366): CodeIgniter\CodeIgniter->handleRequest(null, Object(Config\Cache), false)
 9 FCPATH\index.php(67): CodeIgniter\CodeIgniter->run()
10 SYSTEMPATH\Commands\Server\rewrite.php(47): require_once('C:\\xampp\\htdocs\\projectci4\\public\\index.php')
CRITICAL - 2023-08-14 02:06:15 --> Undefined index: LOKASI
in APPPATH\Views\form\formbpb.php on line 71.
 1 APPPATH\Views\form\formbpb.php(71): CodeIgniter\Debug\Exceptions->errorHandler(8, 'Undefined index: LOKASI', 'C:\\xampp\\htdocs\\projectci4\\app\\Views\\form\\formbpb.php', 71, [...])
 2 SYSTEMPATH\View\View.php(224): include('C:\\xampp\\htdocs\\projectci4\\app\\Views\\form\\formbpb.php')
 3 SYSTEMPATH\View\View.php(227): CodeIgniter\View\View->CodeIgniter\View\{closure}()
 4 SYSTEMPATH\Common.php(1180): CodeIgniter\View\View->render('/form/formbpb', [], true)
 5 APPPATH\Controllers\Home.php(36): view('/form/formbpb', [...])
 6 SYSTEMPATH\CodeIgniter.php(932): App\Controllers\Home->FormBPB()
 7 SYSTEMPATH\CodeIgniter.php(497): CodeIgniter\CodeIgniter->runController(Object(App\Controllers\Home))
 8 SYSTEMPATH\CodeIgniter.php(366): CodeIgniter\CodeIgniter->handleRequest(null, Object(Config\Cache), false)
 9 FCPATH\index.php(67): CodeIgniter\CodeIgniter->run()
10 SYSTEMPATH\Commands\Server\rewrite.php(47): require_once('C:\\xampp\\htdocs\\projectci4\\public\\index.php')
CRITICAL - 2023-08-14 02:06:16 --> Undefined index: LOKASI
in APPPATH\Views\form\formbpb.php on line 71.
 1 APPPATH\Views\form\formbpb.php(71): CodeIgniter\Debug\Exceptions->errorHandler(8, 'Undefined index: LOKASI', 'C:\\xampp\\htdocs\\projectci4\\app\\Views\\form\\formbpb.php', 71, [...])
 2 SYSTEMPATH\View\View.php(224): include('C:\\xampp\\htdocs\\projectci4\\app\\Views\\form\\formbpb.php')
 3 SYSTEMPATH\View\View.php(227): CodeIgniter\View\View->CodeIgniter\View\{closure}()
 4 SYSTEMPATH\Common.php(1180): CodeIgniter\View\View->render('/form/formbpb', [], true)
 5 APPPATH\Controllers\Home.php(36): view('/form/formbpb', [...])
 6 SYSTEMPATH\CodeIgniter.php(932): App\Controllers\Home->FormBPB()
 7 SYSTEMPATH\CodeIgniter.php(497): CodeIgniter\CodeIgniter->runController(Object(App\Controllers\Home))
 8 SYSTEMPATH\CodeIgniter.php(366): CodeIgniter\CodeIgniter->handleRequest(null, Object(Config\Cache), false)
 9 FCPATH\index.php(67): CodeIgniter\CodeIgniter->run()
10 SYSTEMPATH\Commands\Server\rewrite.php(47): require_once('C:\\xampp\\htdocs\\projectci4\\public\\index.php')
CRITICAL - 2023-08-14 02:06:42 --> Undefined index: LOKASI
in APPPATH\Views\form\formbpb.php on line 71.
 1 APPPATH\Views\form\formbpb.php(71): CodeIgniter\Debug\Exceptions->errorHandler(8, 'Undefined index: LOKASI', 'C:\\xampp\\htdocs\\projectci4\\app\\Views\\form\\formbpb.php', 71, [...])
 2 SYSTEMPATH\View\View.php(224): include('C:\\xampp\\htdocs\\projectci4\\app\\Views\\form\\formbpb.php')
 3 SYSTEMPATH\View\View.php(227): CodeIgniter\View\View->CodeIgniter\View\{closure}()
 4 SYSTEMPATH\Common.php(1180): CodeIgniter\View\View->render('/form/formbpb', [], true)
 5 APPPATH\Controllers\Home.php(36): view('/form/formbpb', [...])
 6 SYSTEMPATH\CodeIgniter.php(932): App\Controllers\Home->FormBPB()
 7 SYSTEMPATH\CodeIgniter.php(497): CodeIgniter\CodeIgniter->runController(Object(App\Controllers\Home))
 8 SYSTEMPATH\CodeIgniter.php(366): CodeIgniter\CodeIgniter->handleRequest(null, Object(Config\Cache), false)
 9 FCPATH\index.php(67): CodeIgniter\CodeIgniter->run()
10 SYSTEMPATH\Commands\Server\rewrite.php(47): require_once('C:\\xampp\\htdocs\\projectci4\\public\\index.php')
CRITICAL - 2023-08-14 02:06:44 --> Undefined index: LOKASI
in APPPATH\Views\form\formbpb.php on line 71.
 1 APPPATH\Views\form\formbpb.php(71): CodeIgniter\Debug\Exceptions->errorHandler(8, 'Undefined index: LOKASI', 'C:\\xampp\\htdocs\\projectci4\\app\\Views\\form\\formbpb.php', 71, [...])
 2 SYSTEMPATH\View\View.php(224): include('C:\\xampp\\htdocs\\projectci4\\app\\Views\\form\\formbpb.php')
 3 SYSTEMPATH\View\View.php(227): CodeIgniter\View\View->CodeIgniter\View\{closure}()
 4 SYSTEMPATH\Common.php(1180): CodeIgniter\View\View->render('/form/formbpb', [], true)
 5 APPPATH\Controllers\Home.php(36): view('/form/formbpb', [...])
 6 SYSTEMPATH\CodeIgniter.php(932): App\Controllers\Home->FormBPB()
 7 SYSTEMPATH\CodeIgniter.php(497): CodeIgniter\CodeIgniter->runController(Object(App\Controllers\Home))
 8 SYSTEMPATH\CodeIgniter.php(366): CodeIgniter\CodeIgniter->handleRequest(null, Object(Config\Cache), false)
 9 FCPATH\index.php(67): CodeIgniter\CodeIgniter->run()
10 SYSTEMPATH\Commands\Server\rewrite.php(47): require_once('C:\\xampp\\htdocs\\projectci4\\public\\index.php')
CRITICAL - 2023-08-14 02:06:44 --> Undefined index: LOKASI
in APPPATH\Views\form\formbpb.php on line 71.
 1 APPPATH\Views\form\formbpb.php(71): CodeIgniter\Debug\Exceptions->errorHandler(8, 'Undefined index: LOKASI', 'C:\\xampp\\htdocs\\projectci4\\app\\Views\\form\\formbpb.php', 71, [...])
 2 SYSTEMPATH\View\View.php(224): include('C:\\xampp\\htdocs\\projectci4\\app\\Views\\form\\formbpb.php')
 3 SYSTEMPATH\View\View.php(227): CodeIgniter\View\View->CodeIgniter\View\{closure}()
 4 SYSTEMPATH\Common.php(1180): CodeIgniter\View\View->render('/form/formbpb', [], true)
 5 APPPATH\Controllers\Home.php(36): view('/form/formbpb', [...])
 6 SYSTEMPATH\CodeIgniter.php(932): App\Controllers\Home->FormBPB()
 7 SYSTEMPATH\CodeIgniter.php(497): CodeIgniter\CodeIgniter->runController(Object(App\Controllers\Home))
 8 SYSTEMPATH\CodeIgniter.php(366): CodeIgniter\CodeIgniter->handleRequest(null, Object(Config\Cache), false)
 9 FCPATH\index.php(67): CodeIgniter\CodeIgniter->run()
10 SYSTEMPATH\Commands\Server\rewrite.php(47): require_once('C:\\xampp\\htdocs\\projectci4\\public\\index.php')
CRITICAL - 2023-08-14 02:06:45 --> Undefined index: LOKASI
in APPPATH\Views\form\formbpb.php on line 71.
 1 APPPATH\Views\form\formbpb.php(71): CodeIgniter\Debug\Exceptions->errorHandler(8, 'Undefined index: LOKASI', 'C:\\xampp\\htdocs\\projectci4\\app\\Views\\form\\formbpb.php', 71, [...])
 2 SYSTEMPATH\View\View.php(224): include('C:\\xampp\\htdocs\\projectci4\\app\\Views\\form\\formbpb.php')
 3 SYSTEMPATH\View\View.php(227): CodeIgniter\View\View->CodeIgniter\View\{closure}()
 4 SYSTEMPATH\Common.php(1180): CodeIgniter\View\View->render('/form/formbpb', [], true)
 5 APPPATH\Controllers\Home.php(36): view('/form/formbpb', [...])
 6 SYSTEMPATH\CodeIgniter.php(932): App\Controllers\Home->FormBPB()
 7 SYSTEMPATH\CodeIgniter.php(497): CodeIgniter\CodeIgniter->runController(Object(App\Controllers\Home))
 8 SYSTEMPATH\CodeIgniter.php(366): CodeIgniter\CodeIgniter->handleRequest(null, Object(Config\Cache), false)
 9 FCPATH\index.php(67): CodeIgniter\CodeIgniter->run()
10 SYSTEMPATH\Commands\Server\rewrite.php(47): require_once('C:\\xampp\\htdocs\\projectci4\\public\\index.php')
CRITICAL - 2023-08-14 02:08:01 --> Undefined index: LOKASI
in APPPATH\Views\form\formbpb.php on line 71.
 1 APPPATH\Views\form\formbpb.php(71): CodeIgniter\Debug\Exceptions->errorHandler(8, 'Undefined index: LOKASI', 'C:\\xampp\\htdocs\\projectci4\\app\\Views\\form\\formbpb.php', 71, [...])
 2 SYSTEMPATH\View\View.php(224): include('C:\\xampp\\htdocs\\projectci4\\app\\Views\\form\\formbpb.php')
 3 SYSTEMPATH\View\View.php(227): CodeIgniter\View\View->CodeIgniter\View\{closure}()
 4 SYSTEMPATH\Common.php(1180): CodeIgniter\View\View->render('/form/formbpb', [], true)
 5 APPPATH\Controllers\Home.php(36): view('/form/formbpb', [...])
 6 SYSTEMPATH\CodeIgniter.php(932): App\Controllers\Home->FormBPB()
 7 SYSTEMPATH\CodeIgniter.php(497): CodeIgniter\CodeIgniter->runController(Object(App\Controllers\Home))
 8 SYSTEMPATH\CodeIgniter.php(366): CodeIgniter\CodeIgniter->handleRequest(null, Object(Config\Cache), false)
 9 FCPATH\index.php(67): CodeIgniter\CodeIgniter->run()
10 SYSTEMPATH\Commands\Server\rewrite.php(47): require_once('C:\\xampp\\htdocs\\projectci4\\public\\index.php')
CRITICAL - 2023-08-14 02:08:03 --> Undefined index: LOKASI
in APPPATH\Views\form\formbpb.php on line 71.
 1 APPPATH\Views\form\formbpb.php(71): CodeIgniter\Debug\Exceptions->errorHandler(8, 'Undefined index: LOKASI', 'C:\\xampp\\htdocs\\projectci4\\app\\Views\\form\\formbpb.php', 71, [...])
 2 SYSTEMPATH\View\View.php(224): include('C:\\xampp\\htdocs\\projectci4\\app\\Views\\form\\formbpb.php')
 3 SYSTEMPATH\View\View.php(227): CodeIgniter\View\View->CodeIgniter\View\{closure}()
 4 SYSTEMPATH\Common.php(1180): CodeIgniter\View\View->render('/form/formbpb', [], true)
 5 APPPATH\Controllers\Home.php(36): view('/form/formbpb', [...])
 6 SYSTEMPATH\CodeIgniter.php(932): App\Controllers\Home->FormBPB()
 7 SYSTEMPATH\CodeIgniter.php(497): CodeIgniter\CodeIgniter->runController(Object(App\Controllers\Home))
 8 SYSTEMPATH\CodeIgniter.php(366): CodeIgniter\CodeIgniter->handleRequest(null, Object(Config\Cache), false)
 9 FCPATH\index.php(67): CodeIgniter\CodeIgniter->run()
10 SYSTEMPATH\Commands\Server\rewrite.php(47): require_once('C:\\xampp\\htdocs\\projectci4\\public\\index.php')
CRITICAL - 2023-08-14 02:08:04 --> Undefined index: LOKASI
in APPPATH\Views\form\formbpb.php on line 71.
 1 APPPATH\Views\form\formbpb.php(71): CodeIgniter\Debug\Exceptions->errorHandler(8, 'Undefined index: LOKASI', 'C:\\xampp\\htdocs\\projectci4\\app\\Views\\form\\formbpb.php', 71, [...])
 2 SYSTEMPATH\View\View.php(224): include('C:\\xampp\\htdocs\\projectci4\\app\\Views\\form\\formbpb.php')
 3 SYSTEMPATH\View\View.php(227): CodeIgniter\View\View->CodeIgniter\View\{closure}()
 4 SYSTEMPATH\Common.php(1180): CodeIgniter\View\View->render('/form/formbpb', [], true)
 5 APPPATH\Controllers\Home.php(36): view('/form/formbpb', [...])
 6 SYSTEMPATH\CodeIgniter.php(932): App\Controllers\Home->FormBPB()
 7 SYSTEMPATH\CodeIgniter.php(497): CodeIgniter\CodeIgniter->runController(Object(App\Controllers\Home))
 8 SYSTEMPATH\CodeIgniter.php(366): CodeIgniter\CodeIgniter->handleRequest(null, Object(Config\Cache), false)
 9 FCPATH\index.php(67): CodeIgniter\CodeIgniter->run()
10 SYSTEMPATH\Commands\Server\rewrite.php(47): require_once('C:\\xampp\\htdocs\\projectci4\\public\\index.php')
CRITICAL - 2023-08-14 02:08:19 --> Undefined index: ID_NUM
in APPPATH\Views\form\formbpb.php on line 71.
 1 APPPATH\Views\form\formbpb.php(71): CodeIgniter\Debug\Exceptions->errorHandler(8, 'Undefined index: ID_NUM', 'C:\\xampp\\htdocs\\projectci4\\app\\Views\\form\\formbpb.php', 71, [...])
 2 SYSTEMPATH\View\View.php(224): include('C:\\xampp\\htdocs\\projectci4\\app\\Views\\form\\formbpb.php')
 3 SYSTEMPATH\View\View.php(227): CodeIgniter\View\View->CodeIgniter\View\{closure}()
 4 SYSTEMPATH\Common.php(1180): CodeIgniter\View\View->render('/form/formbpb', [], true)
 5 APPPATH\Controllers\Home.php(36): view('/form/formbpb', [...])
 6 SYSTEMPATH\CodeIgniter.php(932): App\Controllers\Home->FormBPB()
 7 SYSTEMPATH\CodeIgniter.php(497): CodeIgniter\CodeIgniter->runController(Object(App\Controllers\Home))
 8 SYSTEMPATH\CodeIgniter.php(366): CodeIgniter\CodeIgniter->handleRequest(null, Object(Config\Cache), false)
 9 FCPATH\index.php(67): CodeIgniter\CodeIgniter->run()
10 SYSTEMPATH\Commands\Server\rewrite.php(47): require_once('C:\\xampp\\htdocs\\projectci4\\public\\index.php')
CRITICAL - 2023-08-14 02:08:20 --> Undefined index: ID_NUM
in APPPATH\Views\form\formbpb.php on line 71.
 1 APPPATH\Views\form\formbpb.php(71): CodeIgniter\Debug\Exceptions->errorHandler(8, 'Undefined index: ID_NUM', 'C:\\xampp\\htdocs\\projectci4\\app\\Views\\form\\formbpb.php', 71, [...])
 2 SYSTEMPATH\View\View.php(224): include('C:\\xampp\\htdocs\\projectci4\\app\\Views\\form\\formbpb.php')
 3 SYSTEMPATH\View\View.php(227): CodeIgniter\View\View->CodeIgniter\View\{closure}()
 4 SYSTEMPATH\Common.php(1180): CodeIgniter\View\View->render('/form/formbpb', [], true)
 5 APPPATH\Controllers\Home.php(36): view('/form/formbpb', [...])
 6 SYSTEMPATH\CodeIgniter.php(932): App\Controllers\Home->FormBPB()
 7 SYSTEMPATH\CodeIgniter.php(497): CodeIgniter\CodeIgniter->runController(Object(App\Controllers\Home))
 8 SYSTEMPATH\CodeIgniter.php(366): CodeIgniter\CodeIgniter->handleRequest(null, Object(Config\Cache), false)
 9 FCPATH\index.php(67): CodeIgniter\CodeIgniter->run()
10 SYSTEMPATH\Commands\Server\rewrite.php(47): require_once('C:\\xampp\\htdocs\\projectci4\\public\\index.php')
CRITICAL - 2023-08-14 02:10:43 --> Undefined index: ID
in APPPATH\Views\form\formbpb.php on line 184.
 1 APPPATH\Views\form\formbpb.php(184): CodeIgniter\Debug\Exceptions->errorHandler(8, 'Undefined index: ID', 'C:\\xampp\\htdocs\\projectci4\\app\\Views\\form\\formbpb.php', 184, [...])
 2 SYSTEMPATH\View\View.php(224): include('C:\\xampp\\htdocs\\projectci4\\app\\Views\\form\\formbpb.php')
 3 SYSTEMPATH\View\View.php(227): CodeIgniter\View\View->CodeIgniter\View\{closure}()
 4 SYSTEMPATH\Common.php(1180): CodeIgniter\View\View->render('/form/formbpb', [], true)
 5 APPPATH\Controllers\Home.php(36): view('/form/formbpb', [...])
 6 SYSTEMPATH\CodeIgniter.php(932): App\Controllers\Home->FormBPB()
 7 SYSTEMPATH\CodeIgniter.php(497): CodeIgniter\CodeIgniter->runController(Object(App\Controllers\Home))
 8 SYSTEMPATH\CodeIgniter.php(366): CodeIgniter\CodeIgniter->handleRequest(null, Object(Config\Cache), false)
 9 FCPATH\index.php(67): CodeIgniter\CodeIgniter->run()
10 SYSTEMPATH\Commands\Server\rewrite.php(47): require_once('C:\\xampp\\htdocs\\projectci4\\public\\index.php')
CRITICAL - 2023-08-14 02:10:45 --> Undefined index: ID
in APPPATH\Views\form\formbpb.php on line 184.
 1 APPPATH\Views\form\formbpb.php(184): CodeIgniter\Debug\Exceptions->errorHandler(8, 'Undefined index: ID', 'C:\\xampp\\htdocs\\projectci4\\app\\Views\\form\\formbpb.php', 184, [...])
 2 SYSTEMPATH\View\View.php(224): include('C:\\xampp\\htdocs\\projectci4\\app\\Views\\form\\formbpb.php')
 3 SYSTEMPATH\View\View.php(227): CodeIgniter\View\View->CodeIgniter\View\{closure}()
 4 SYSTEMPATH\Common.php(1180): CodeIgniter\View\View->render('/form/formbpb', [], true)
 5 APPPATH\Controllers\Home.php(36): view('/form/formbpb', [...])
 6 SYSTEMPATH\CodeIgniter.php(932): App\Controllers\Home->FormBPB()
 7 SYSTEMPATH\CodeIgniter.php(497): CodeIgniter\CodeIgniter->runController(Object(App\Controllers\Home))
 8 SYSTEMPATH\CodeIgniter.php(366): CodeIgniter\CodeIgniter->handleRequest(null, Object(Config\Cache), false)
 9 FCPATH\index.php(67): CodeIgniter\CodeIgniter->run()
10 SYSTEMPATH\Commands\Server\rewrite.php(47): require_once('C:\\xampp\\htdocs\\projectci4\\public\\index.php')
CRITICAL - 2023-08-14 02:11:50 --> Undefined index: id
in APPPATH\Views\form\formbpb.php on line 184.
 1 APPPATH\Views\form\formbpb.php(184): CodeIgniter\Debug\Exceptions->errorHandler(8, 'Undefined index: id', 'C:\\xampp\\htdocs\\projectci4\\app\\Views\\form\\formbpb.php', 184, [...])
 2 SYSTEMPATH\View\View.php(224): include('C:\\xampp\\htdocs\\projectci4\\app\\Views\\form\\formbpb.php')
 3 SYSTEMPATH\View\View.php(227): CodeIgniter\View\View->CodeIgniter\View\{closure}()
 4 SYSTEMPATH\Common.php(1180): CodeIgniter\View\View->render('/form/formbpb', [], true)
 5 APPPATH\Controllers\Home.php(36): view('/form/formbpb', [...])
 6 SYSTEMPATH\CodeIgniter.php(932): App\Controllers\Home->FormBPB()
 7 SYSTEMPATH\CodeIgniter.php(497): CodeIgniter\CodeIgniter->runController(Object(App\Controllers\Home))
 8 SYSTEMPATH\CodeIgniter.php(366): CodeIgniter\CodeIgniter->handleRequest(null, Object(Config\Cache), false)
 9 FCPATH\index.php(67): CodeIgniter\CodeIgniter->run()
10 SYSTEMPATH\Commands\Server\rewrite.php(47): require_once('C:\\xampp\\htdocs\\projectci4\\public\\index.php')
CRITICAL - 2023-08-14 02:11:52 --> Undefined index: id
in APPPATH\Views\form\formbpb.php on line 184.
 1 APPPATH\Views\form\formbpb.php(184): CodeIgniter\Debug\Exceptions->errorHandler(8, 'Undefined index: id', 'C:\\xampp\\htdocs\\projectci4\\app\\Views\\form\\formbpb.php', 184, [...])
 2 SYSTEMPATH\View\View.php(224): include('C:\\xampp\\htdocs\\projectci4\\app\\Views\\form\\formbpb.php')
 3 SYSTEMPATH\View\View.php(227): CodeIgniter\View\View->CodeIgniter\View\{closure}()
 4 SYSTEMPATH\Common.php(1180): CodeIgniter\View\View->render('/form/formbpb', [], true)
 5 APPPATH\Controllers\Home.php(36): view('/form/formbpb', [...])
 6 SYSTEMPATH\CodeIgniter.php(932): App\Controllers\Home->FormBPB()
 7 SYSTEMPATH\CodeIgniter.php(497): CodeIgniter\CodeIgniter->runController(Object(App\Controllers\Home))
 8 SYSTEMPATH\CodeIgniter.php(366): CodeIgniter\CodeIgniter->handleRequest(null, Object(Config\Cache), false)
 9 FCPATH\index.php(67): CodeIgniter\CodeIgniter->run()
10 SYSTEMPATH\Commands\Server\rewrite.php(47): require_once('C:\\xampp\\htdocs\\projectci4\\public\\index.php')
CRITICAL - 2023-08-14 02:12:18 --> Undefined index: ID
in APPPATH\Views\form\formbpb.php on line 184.
 1 APPPATH\Views\form\formbpb.php(184): CodeIgniter\Debug\Exceptions->errorHandler(8, 'Undefined index: ID', 'C:\\xampp\\htdocs\\projectci4\\app\\Views\\form\\formbpb.php', 184, [...])
 2 SYSTEMPATH\View\View.php(224): include('C:\\xampp\\htdocs\\projectci4\\app\\Views\\form\\formbpb.php')
 3 SYSTEMPATH\View\View.php(227): CodeIgniter\View\View->CodeIgniter\View\{closure}()
 4 SYSTEMPATH\Common.php(1180): CodeIgniter\View\View->render('/form/formbpb', [], true)
 5 APPPATH\Controllers\Home.php(36): view('/form/formbpb', [...])
 6 SYSTEMPATH\CodeIgniter.php(932): App\Controllers\Home->FormBPB()
 7 SYSTEMPATH\CodeIgniter.php(497): CodeIgniter\CodeIgniter->runController(Object(App\Controllers\Home))
 8 SYSTEMPATH\CodeIgniter.php(366): CodeIgniter\CodeIgniter->handleRequest(null, Object(Config\Cache), false)
 9 FCPATH\index.php(67): CodeIgniter\CodeIgniter->run()
10 SYSTEMPATH\Commands\Server\rewrite.php(47): require_once('C:\\xampp\\htdocs\\projectci4\\public\\index.php')
CRITICAL - 2023-08-14 02:12:19 --> Undefined index: ID
in APPPATH\Views\form\formbpb.php on line 184.
 1 APPPATH\Views\form\formbpb.php(184): CodeIgniter\Debug\Exceptions->errorHandler(8, 'Undefined index: ID', 'C:\\xampp\\htdocs\\projectci4\\app\\Views\\form\\formbpb.php', 184, [...])
 2 SYSTEMPATH\View\View.php(224): include('C:\\xampp\\htdocs\\projectci4\\app\\Views\\form\\formbpb.php')
 3 SYSTEMPATH\View\View.php(227): CodeIgniter\View\View->CodeIgniter\View\{closure}()
 4 SYSTEMPATH\Common.php(1180): CodeIgniter\View\View->render('/form/formbpb', [], true)
 5 APPPATH\Controllers\Home.php(36): view('/form/formbpb', [...])
 6 SYSTEMPATH\CodeIgniter.php(932): App\Controllers\Home->FormBPB()
 7 SYSTEMPATH\CodeIgniter.php(497): CodeIgniter\CodeIgniter->runController(Object(App\Controllers\Home))
 8 SYSTEMPATH\CodeIgniter.php(366): CodeIgniter\CodeIgniter->handleRequest(null, Object(Config\Cache), false)
 9 FCPATH\index.php(67): CodeIgniter\CodeIgniter->run()
10 SYSTEMPATH\Commands\Server\rewrite.php(47): require_once('C:\\xampp\\htdocs\\projectci4\\public\\index.php')
CRITICAL - 2023-08-14 02:12:34 --> Undefined index: ID
in APPPATH\Views\form\formbpb.php on line 178.
 1 APPPATH\Views\form\formbpb.php(178): CodeIgniter\Debug\Exceptions->errorHandler(8, 'Undefined index: ID', 'C:\\xampp\\htdocs\\projectci4\\app\\Views\\form\\formbpb.php', 178, [...])
 2 SYSTEMPATH\View\View.php(224): include('C:\\xampp\\htdocs\\projectci4\\app\\Views\\form\\formbpb.php')
 3 SYSTEMPATH\View\View.php(227): CodeIgniter\View\View->CodeIgniter\View\{closure}()
 4 SYSTEMPATH\Common.php(1180): CodeIgniter\View\View->render('/form/formbpb', [], true)
 5 APPPATH\Controllers\Home.php(36): view('/form/formbpb', [...])
 6 SYSTEMPATH\CodeIgniter.php(932): App\Controllers\Home->FormBPB()
 7 SYSTEMPATH\CodeIgniter.php(497): CodeIgniter\CodeIgniter->runController(Object(App\Controllers\Home))
 8 SYSTEMPATH\CodeIgniter.php(366): CodeIgniter\CodeIgniter->handleRequest(null, Object(Config\Cache), false)
 9 FCPATH\index.php(67): CodeIgniter\CodeIgniter->run()
10 SYSTEMPATH\Commands\Server\rewrite.php(47): require_once('C:\\xampp\\htdocs\\projectci4\\public\\index.php')
CRITICAL - 2023-08-14 02:12:36 --> Undefined index: ID
in APPPATH\Views\form\formbpb.php on line 178.
 1 APPPATH\Views\form\formbpb.php(178): CodeIgniter\Debug\Exceptions->errorHandler(8, 'Undefined index: ID', 'C:\\xampp\\htdocs\\projectci4\\app\\Views\\form\\formbpb.php', 178, [...])
 2 SYSTEMPATH\View\View.php(224): include('C:\\xampp\\htdocs\\projectci4\\app\\Views\\form\\formbpb.php')
 3 SYSTEMPATH\View\View.php(227): CodeIgniter\View\View->CodeIgniter\View\{closure}()
 4 SYSTEMPATH\Common.php(1180): CodeIgniter\View\View->render('/form/formbpb', [], true)
 5 APPPATH\Controllers\Home.php(36): view('/form/formbpb', [...])
 6 SYSTEMPATH\CodeIgniter.php(932): App\Controllers\Home->FormBPB()
 7 SYSTEMPATH\CodeIgniter.php(497): CodeIgniter\CodeIgniter->runController(Object(App\Controllers\Home))
 8 SYSTEMPATH\CodeIgniter.php(366): CodeIgniter\CodeIgniter->handleRequest(null, Object(Config\Cache), false)
 9 FCPATH\index.php(67): CodeIgniter\CodeIgniter->run()
10 SYSTEMPATH\Commands\Server\rewrite.php(47): require_once('C:\\xampp\\htdocs\\projectci4\\public\\index.php')
CRITICAL - 2023-08-14 02:13:21 --> Undefined index: ID
in APPPATH\Views\form\formbpb.php on line 178.
 1 APPPATH\Views\form\formbpb.php(178): CodeIgniter\Debug\Exceptions->errorHandler(8, 'Undefined index: ID', 'C:\\xampp\\htdocs\\projectci4\\app\\Views\\form\\formbpb.php', 178, [...])
 2 SYSTEMPATH\View\View.php(224): include('C:\\xampp\\htdocs\\projectci4\\app\\Views\\form\\formbpb.php')
 3 SYSTEMPATH\View\View.php(227): CodeIgniter\View\View->CodeIgniter\View\{closure}()
 4 SYSTEMPATH\Common.php(1180): CodeIgniter\View\View->render('/form/formbpb', [], true)
 5 APPPATH\Controllers\Home.php(36): view('/form/formbpb', [...])
 6 SYSTEMPATH\CodeIgniter.php(932): App\Controllers\Home->FormBPB()
 7 SYSTEMPATH\CodeIgniter.php(497): CodeIgniter\CodeIgniter->runController(Object(App\Controllers\Home))
 8 SYSTEMPATH\CodeIgniter.php(366): CodeIgniter\CodeIgniter->handleRequest(null, Object(Config\Cache), false)
 9 FCPATH\index.php(67): CodeIgniter\CodeIgniter->run()
10 SYSTEMPATH\Commands\Server\rewrite.php(47): require_once('C:\\xampp\\htdocs\\projectci4\\public\\index.php')
CRITICAL - 2023-08-14 02:18:20 --> Undefined index: ID
in APPPATH\Views\form\formbpb.php on line 73.
 1 APPPATH\Views\form\formbpb.php(73): CodeIgniter\Debug\Exceptions->errorHandler(8, 'Undefined index: ID', 'C:\\xampp\\htdocs\\projectci4\\app\\Views\\form\\formbpb.php', 73, [...])
 2 SYSTEMPATH\View\View.php(224): include('C:\\xampp\\htdocs\\projectci4\\app\\Views\\form\\formbpb.php')
 3 SYSTEMPATH\View\View.php(227): CodeIgniter\View\View->CodeIgniter\View\{closure}()
 4 SYSTEMPATH\Common.php(1180): CodeIgniter\View\View->render('/form/formbpb', [], true)
 5 APPPATH\Controllers\Home.php(36): view('/form/formbpb', [...])
 6 SYSTEMPATH\CodeIgniter.php(932): App\Controllers\Home->FormBPB()
 7 SYSTEMPATH\CodeIgniter.php(497): CodeIgniter\CodeIgniter->runController(Object(App\Controllers\Home))
 8 SYSTEMPATH\CodeIgniter.php(366): CodeIgniter\CodeIgniter->handleRequest(null, Object(Config\Cache), false)
 9 FCPATH\index.php(67): CodeIgniter\CodeIgniter->run()
10 SYSTEMPATH\Commands\Server\rewrite.php(47): require_once('C:\\xampp\\htdocs\\projectci4\\public\\index.php')
CRITICAL - 2023-08-14 04:41:35 --> Undefined variable: pager
in APPPATH\Views\BPB\monbpb.php on line 68.
 1 APPPATH\Views\BPB\monbpb.php(68): CodeIgniter\Debug\Exceptions->errorHandler(8, 'Undefined variable: pager', 'C:\\xampp\\htdocs\\projectci4\\app\\Views\\BPB\\monbpb.php', 68, [...])
 2 SYSTEMPATH\View\View.php(224): include('C:\\xampp\\htdocs\\projectci4\\app\\Views\\BPB\\monbpb.php')
 3 SYSTEMPATH\View\View.php(227): CodeIgniter\View\View->CodeIgniter\View\{closure}()
 4 SYSTEMPATH\Common.php(1180): CodeIgniter\View\View->render('/BPB/monbpb', [], true)
 5 APPPATH\Controllers\Home.php(23): view('/BPB/monbpb', [...])
 6 SYSTEMPATH\CodeIgniter.php(932): App\Controllers\Home->MonitoringBPB()
 7 SYSTEMPATH\CodeIgniter.php(497): CodeIgniter\CodeIgniter->runController(Object(App\Controllers\Home))
 8 SYSTEMPATH\CodeIgniter.php(366): CodeIgniter\CodeIgniter->handleRequest(null, Object(Config\Cache), false)
 9 FCPATH\index.php(67): CodeIgniter\CodeIgniter->run()
10 SYSTEMPATH\Commands\Server\rewrite.php(47): require_once('C:\\xampp\\htdocs\\projectci4\\public\\index.php')
CRITICAL - 2023-08-14 04:41:59 --> Undefined variable: pager
in APPPATH\Views\BPB\monbpb.php on line 68.
 1 APPPATH\Views\BPB\monbpb.php(68): CodeIgniter\Debug\Exceptions->errorHandler(8, 'Undefined variable: pager', 'C:\\xampp\\htdocs\\projectci4\\app\\Views\\BPB\\monbpb.php', 68, [...])
 2 SYSTEMPATH\View\View.php(224): include('C:\\xampp\\htdocs\\projectci4\\app\\Views\\BPB\\monbpb.php')
 3 SYSTEMPATH\View\View.php(227): CodeIgniter\View\View->CodeIgniter\View\{closure}()
 4 SYSTEMPATH\Common.php(1180): CodeIgniter\View\View->render('/BPB/monbpb', [], true)
 5 APPPATH\Controllers\Home.php(23): view('/BPB/monbpb', [...])
 6 SYSTEMPATH\CodeIgniter.php(932): App\Controllers\Home->MonitoringBPB()
 7 SYSTEMPATH\CodeIgniter.php(497): CodeIgniter\CodeIgniter->runController(Object(App\Controllers\Home))
 8 SYSTEMPATH\CodeIgniter.php(366): CodeIgniter\CodeIgniter->handleRequest(null, Object(Config\Cache), false)
 9 FCPATH\index.php(67): CodeIgniter\CodeIgniter->run()
10 SYSTEMPATH\Commands\Server\rewrite.php(47): require_once('C:\\xampp\\htdocs\\projectci4\\public\\index.php')
