CRITICAL - 2023-07-27 02:19:35 --> Invalid file: "formbpb.php"
in SYSTEMPATH\Exceptions\FrameworkException.php on line 33.
 1 SYSTEMPATH\View\View.php(212): CodeIgniter\Exceptions\FrameworkException::forInvalidFile('formbpb.php')
 2 SYSTEMPATH\Common.php(1180): CodeIgniter\View\View->render('formbpb', [], true)
 3 APPPATH\Controllers\Home.php(21): view('formbpb')
 4 SYSTEMPATH\CodeIgniter.php(932): App\Controllers\Home->FormBPB()
 5 SYSTEMPATH\CodeIgniter.php(497): CodeIgniter\CodeIgniter->runController(Object(App\Controllers\Home))
 6 SYSTEMPATH\CodeIgniter.php(366): CodeIgniter\CodeIgniter->handleRequest(null, Object(Config\Cache), false)
 7 FCPATH\index.php(67): CodeIgniter\CodeIgniter->run()
 8 SYSTEMPATH\Commands\Server\rewrite.php(47): require_once('C:\\xampp\\htdocs\\projectci4\\public\\index.php')
CRITICAL - 2023-07-27 02:32:44 --> Invalid file: "formbpb.php"
in SYSTEMPATH\Exceptions\FrameworkException.php on line 33.
 1 SYSTEMPATH\View\View.php(212): CodeIgniter\Exceptions\FrameworkException::forInvalidFile('formbpb.php')
 2 SYSTEMPATH\Common.php(1180): CodeIgniter\View\View->render('formbpb', [], true)
 3 APPPATH\Controllers\Home.php(21): view('formbpb')
 4 SYSTEMPATH\CodeIgniter.php(932): App\Controllers\Home->FormBPB()
 5 SYSTEMPATH\CodeIgniter.php(497): CodeIgniter\CodeIgniter->runController(Object(App\Controllers\Home))
 6 SYSTEMPATH\CodeIgniter.php(366): CodeIgniter\CodeIgniter->handleRequest(null, Object(Config\Cache), false)
 7 FCPATH\index.php(67): CodeIgniter\CodeIgniter->run()
 8 SYSTEMPATH\Commands\Server\rewrite.php(47): require_once('C:\\xampp\\htdocs\\projectci4\\public\\index.php')
